2023-01-19 18:14:17 MECHSEWING INFO  Main main - Происходит загрузка программы
2023-01-19 18:15:22 MECHSEWING INFO  Main main - Происходит загрузка программы
2023-01-19 18:22:03 MECHSEWING INFO  Main main - Происходит загрузка программы
2023-01-19 18:22:44 MECHSEWING INFO  Main main - Происходит загрузка программы
2023-01-19 18:23:25 MECHSEWING INFO  Main main - Происходит загрузка программы
2023-01-19 18:24:11 MECHSEWING INFO  Main main - Происходит загрузка программы
2023-01-19 18:30:10 MECHSEWING INFO  Main main - Происходит загрузка программы
2023-01-19 18:30:54 MECHSEWING INFO  Main main - Происходит загрузка программы
2023-01-19 18:37:39 MECHSEWING INFO  Main main - Происходит загрузка программы
2023-01-19 18:38:52 MECHSEWING INFO  Main main - Происходит загрузка программы
2023-01-19 18:40:18 MECHSEWING INFO  Main main - Происходит загрузка программы
2023-01-19 18:54:01 MECHSEWING INFO  Main main - Происходит загрузка программы
2023-01-19 18:54:55 MECHSEWING INFO  Main main - Происходит загрузка программы
2023-01-19 18:56:26 MECHSEWING INFO  Main main - Происходит загрузка программы
2023-01-19 18:58:16 MECHSEWING INFO  Main main - Происходит загрузка программы
2023-01-19 18:58:46 MECHSEWING INFO  Main main - Происходит загрузка программы
2023-01-19 18:59:17 MECHSEWING INFO  Main main - Происходит загрузка программы
2023-01-19 19:21:22 MECHSEWING INFO  Main main - Происходит загрузка программы
2023-01-19 19:21:54 MECHSEWING INFO  Main main - Происходит загрузка программы
2023-01-19 19:22:52 MECHSEWING INFO  Main main - Происходит загрузка программы
2023-01-19 19:28:19 MECHSEWING INFO  Main main - Происходит загрузка программы
2023-01-19 19:28:44 MECHSEWING INFO  Main main - Происходит загрузка программы
2023-01-19 19:28:49 MECHSEWING DEBUG AuthorizationController SingIn_ButSingIn - Нажатие кнопки войти
2023-01-19 19:28:49 MECHSEWING DEBUG AuthorizationDAO CheckUsers - Начало проверки авторизации пользователя
 отправка запроса в БД -> 
->SELECT authentication.login, authentication.password FROM authentication
2023-01-19 19:28:49 MECHSEWING DEBUG DatabaseConnection getDatabaseConnection - Подключение к БД
2023-01-19 19:28:49 MECHSEWING DEBUG AuthorizationDAO CheckUsers - Перебираем полученные данные и БД
2023-01-19 19:28:49 MECHSEWING DEBUG AuthorizationDAO CheckUsers - Найдено совпадение с пользователемLogin: a; Password: a;
2023-01-19 19:28:49 MECHSEWING DEBUG UserDAO getAuthentication - Отправляем запрос в БД ->
 -> SELECT * FROM authentication WHERE login = ? AND password = ?
2023-01-19 19:28:49 MECHSEWING DEBUG DatabaseConnection getDatabaseConnection - Подключение к БД
2023-01-19 19:28:49 MECHSEWING DEBUG UserDAO getAuthentication - Получение данных из БД
2023-01-19 19:28:49 MECHSEWING DEBUG UserDAO getAuthentication - Запись данных из БД в объект Authentication ->
-> skladRTO.api.models.Authentication@6023cbcf
2023-01-19 19:28:49 MECHSEWING DEBUG UserDAO getAuthentication - Возвращаем полученный объект типа Authentication -> skladRTO.api.models.Authentication@6023cbcf
2023-01-19 19:28:49 MECHSEWING DEBUG AuthorizationDAO CheckUsers - Заполняем аутент. данные пользователя -> auth: skladRTO.api.models.Authentication@6023cbcf
2023-01-19 19:28:49 MECHSEWING DEBUG UserDAO getStatusUser - Отправляем запрос в БД ->
 -> SELECT * FROM sklad.status_user WHERE status_user.id = ?;
2023-01-19 19:28:49 MECHSEWING DEBUG DatabaseConnection getDatabaseConnection - Подключение к БД
2023-01-19 19:28:49 MECHSEWING DEBUG UserDAO getStatusUser - Получение данных из БД
2023-01-19 19:28:49 MECHSEWING DEBUG UserDAO getStatusUser - Запись данных из БД в объект User ->
-> Администратор
2023-01-19 19:28:49 MECHSEWING DEBUG UserDAO getStatusUser - Возвращаем полученный объект типа StatusUser -> Администратор
2023-01-19 19:28:49 MECHSEWING DEBUG AuthorizationDAO CheckUsers - Заполняем статус данные пользователя -> status: Администратор
2023-01-19 19:28:49 MECHSEWING DEBUG UserDAO getUser - Отправляем запрос в БД ->
 -> SELECT * FROM sklad.users WHERE users.id_users = ?;
2023-01-19 19:28:49 MECHSEWING DEBUG UserDAO getUser - Где users.authentication_id =  4
2023-01-19 19:28:49 MECHSEWING DEBUG DatabaseConnection getDatabaseConnection - Подключение к БД
2023-01-19 19:28:49 MECHSEWING DEBUG UserDAO getUser - Получение данных из БД
2023-01-19 19:28:49 MECHSEWING DEBUG UserDAO getUser - Запись данных из БД в объект User ->
-> Админ Админ
2023-01-19 19:28:49 MECHSEWING DEBUG UserDAO getUser - Возвращаем полученный объект типа User -> Админ Админ
2023-01-19 19:28:49 MECHSEWING DEBUG AuthorizationDAO CheckUsers - Заполняем Юзер данные пользователя -> user: Админ Админ
2023-01-19 19:28:50 MECHSEWING DEBUG ProductDAO getProductStatus - Отправляем запрос в БД ->
 -> SELECT * FROM order_status
2023-01-19 19:28:50 MECHSEWING DEBUG DatabaseConnection getDatabaseConnection - Подключение к БД
2023-01-19 19:28:50 MECHSEWING DEBUG ProductDAO getProductStatus - Перебираем полученные данные из БД
2023-01-19 19:28:50 MECHSEWING DEBUG OrdersDAO showListOfOrders - Отправляем запрос в БД ->
 -> SELECT * FROM orders  LEFT JOIN users ON (orders.user_id=users.id_users)
2023-01-19 19:28:50 MECHSEWING DEBUG OrdersDAO showListOfOrders - Перебираем полученные данные из БД
2023-01-19 19:28:50 MECHSEWING DEBUG OrdersDAO FillingInList - Выполняем метод заполнения листа  FillingInList
2023-01-19 19:28:50 MECHSEWING DEBUG OrdersDAO FillingInList - Выполняем метод заполнения листа  FillingInList
2023-01-19 19:28:50 MECHSEWING DEBUG OrdersDAO FillingInList - Выполняем метод заполнения листа  FillingInList
2023-01-19 19:28:50 MECHSEWING DEBUG OrdersDAO FillingInList - Выполняем метод заполнения листа  FillingInList
2023-01-19 19:28:50 MECHSEWING DEBUG OrdersDAO FillingInList - Выполняем метод заполнения листа  FillingInList
2023-01-19 19:28:50 MECHSEWING DEBUG OrdersDAO FillingInList - Выполняем метод заполнения листа  FillingInList
2023-01-19 19:28:50 MECHSEWING DEBUG OrdersDAO FillingInList - Выполняем метод заполнения листа  FillingInList
2023-01-19 19:28:50 MECHSEWING DEBUG OrdersDAO FillingInList - Выполняем метод заполнения листа  FillingInList
2023-01-19 19:28:50 MECHSEWING DEBUG OrdersDAO FillingInList - Выполняем метод заполнения листа  FillingInList
2023-01-19 19:28:50 MECHSEWING DEBUG OrdersDAO FillingInList - Выполняем метод заполнения листа  FillingInList
2023-01-19 19:28:50 MECHSEWING DEBUG OrdersDAO FillingInList - Выполняем метод заполнения листа  FillingInList
2023-01-19 19:28:50 MECHSEWING DEBUG OrdersDAO FillingInList - Выполняем метод заполнения листа  FillingInList
2023-01-19 19:28:50 MECHSEWING DEBUG OrdersDAO showListOfOrders - Возвращаем заполненный лист ордеров ->
 -> ListOrder{orderData=[OrderFX{id=IntegerProperty [value: 5], number_order=StringProperty [value: 322-1209-0819], order_description=StringProperty [value: Подшипники 6303], user=StringProperty [value: Евгений Друк], order_date=StringProperty [value: 09.12.2022]}, OrderFX{id=IntegerProperty [value: 36], number_order=StringProperty [value: 1234], order_description=StringProperty [value: Заказ куллеров], user=StringProperty [value: Кирилл Бриги], order_date=StringProperty [value: 30.12.2022]}, OrderFX{id=IntegerProperty [value: 37], number_order=StringProperty [value: 1234], order_description=StringProperty [value: Заказ Куллеров], user=StringProperty [value: Кирилл Бриги], order_date=StringProperty [value: 30.12.2022]}, OrderFX{id=IntegerProperty [value: 51], number_order=StringProperty [value: №227-122022], order_description=StringProperty [value: Молотки], user=StringProperty [value: Александр Новоставский], order_date=StringProperty [value: 12.01.2023]}, OrderFX{id=IntegerProperty [value: 52], number_order=StringProperty [value: №210-122022], order_description=StringProperty [value: Заявка камни], user=StringProperty [value: Сергей Сокол], order_date=StringProperty [value: 12.01.2023]}, OrderFX{id=IntegerProperty [value: 53], number_order=StringProperty [value: №213-122022], order_description=StringProperty [value: Заявка подшипники], user=StringProperty [value: Сергей Сокол], order_date=StringProperty [value: 12.01.2023]}, OrderFX{id=IntegerProperty [value: 54], number_order=StringProperty [value: №215-122022], order_description=StringProperty [value: Синтепон подшипники], user=StringProperty [value: Владислав Баечко], order_date=StringProperty [value: 12.01.2023]}, OrderFX{id=IntegerProperty [value: 55], number_order=StringProperty [value: №217-122022], order_description=StringProperty [value: Заявка расходники], user=StringProperty [value: Сергей Сокол], order_date=StringProperty [value: 12.01.2023]}, OrderFX{id=IntegerProperty [value: 56], number_order=StringProperty [value: №225-122022], order_description=StringProperty [value: Заявка синтепон ремень], user=StringProperty [value: Евгений Друк], order_date=StringProperty [value: 12.01.2023]}, OrderFX{id=IntegerProperty [value: 58], number_order=StringProperty [value: №232-012023], order_description=StringProperty [value: Заявка синтепон разное], user=StringProperty [value: Владислав Баечко], order_date=StringProperty [value: 12.01.2023]}, OrderFX{id=IntegerProperty [value: 59], number_order=StringProperty [value: №244-012023], order_description=StringProperty [value: Заявка инструмент], user=StringProperty [value: Сергей Сокол], order_date=StringProperty [value: 12.01.2023]}, OrderFX{id=IntegerProperty [value: 60], number_order=StringProperty [value: 245-012023], order_description=StringProperty [value: манометры ], user=StringProperty [value: Евгений Друк], order_date=StringProperty [value: 13.01.2023]}]}
2023-01-19 19:28:52 MECHSEWING DEBUG ProductDAO showListOfProducts - Отправляем запрос в БД ->
 -> SELECT * FROM order_product  LEFT JOIN orders ON (order_product.order_id=orders.id) LEFT JOIN machines ON (order_product.machines_id=machines.id) LEFT JOIN units ON (order_product.units_id=units.id) WHERE order_product.order_id = ?;
2023-01-19 19:28:52 MECHSEWING DEBUG DatabaseConnection getDatabaseConnection - Подключение к БД
2023-01-19 19:28:52 MECHSEWING DEBUG ProductDAO showListOfProducts - Перебираем полученные данные из БД
2023-01-19 19:28:52 MECHSEWING DEBUG ProductDAO FillingInList - Выполняем метод заполнения листа  FillingInList
2023-01-19 19:28:52 MECHSEWING DEBUG ProductDAO FillingInList - Выполняем метод заполнения листа  FillingInList
2023-01-19 19:28:52 MECHSEWING DEBUG ProductDAO showListOfProducts - Возвращаем заполненный лист позиций ->
 -> ProductListFX{productDataFX=[ProductFX{id=IntegerProperty [value: 58], name=StringProperty [value: Подшипник 604 2z MGK], amount=IntegerProperty [value: 150], machine=StringProperty [value: Cutter ONES], status=StringProperty [value: ожидание], statusFX=null, order=IntegerProperty [value: 53], productInfo=IntegerProperty [value: 79]}, ProductFX{id=IntegerProperty [value: 59], name=StringProperty [value: Подшипник NK6\10- T MGK], amount=IntegerProperty [value: 20], machine=StringProperty [value: Cutter ONES], status=StringProperty [value: ожидание], statusFX=null, order=IntegerProperty [value: 53], productInfo=IntegerProperty [value: 80]}]}
2023-01-19 19:28:52 MECHSEWING DEBUG ProductDAO showListOfProducts - Отправляем запрос в БД ->
 -> SELECT * FROM order_product  LEFT JOIN orders ON (order_product.order_id=orders.id) LEFT JOIN machines ON (order_product.machines_id=machines.id) LEFT JOIN units ON (order_product.units_id=units.id) WHERE order_product.order_id = ?;
2023-01-19 19:28:52 MECHSEWING DEBUG DatabaseConnection getDatabaseConnection - Подключение к БД
2023-01-19 19:28:53 MECHSEWING DEBUG ProductDAO showListOfProducts - Перебираем полученные данные из БД
2023-01-19 19:28:53 MECHSEWING DEBUG ProductDAO FillingInList - Выполняем метод заполнения листа  FillingInList
2023-01-19 19:28:53 MECHSEWING DEBUG ProductDAO FillingInList - Выполняем метод заполнения листа  FillingInList
2023-01-19 19:28:53 MECHSEWING DEBUG ProductDAO FillingInList - Выполняем метод заполнения листа  FillingInList
2023-01-19 19:28:53 MECHSEWING DEBUG ProductDAO showListOfProducts - Возвращаем заполненный лист позиций ->
 -> ProductListFX{productDataFX=[ProductFX{id=IntegerProperty [value: 70], name=StringProperty [value: Ремень клиновой], amount=IntegerProperty [value: 6], machine=StringProperty [value: Дробилка Masias], status=StringProperty [value: ожидание], statusFX=null, order=IntegerProperty [value: 56], productInfo=IntegerProperty [value: 91]}, ProductFX{id=IntegerProperty [value: 71], name=StringProperty [value: Ремень клиновой b204 17*5182 Li, 5227], amount=IntegerProperty [value: 5], machine=StringProperty [value: Чесальная машина Masias], status=StringProperty [value: ожидание], statusFX=null, order=IntegerProperty [value: 56], productInfo=IntegerProperty [value: 92]}, ProductFX{id=IntegerProperty [value: 72], name=StringProperty [value: Ремень BB240 6135 La], amount=IntegerProperty [value: 2], machine=StringProperty [value: Чесальная машина Masias], status=StringProperty [value: ожидание], statusFX=null, order=IntegerProperty [value: 56], productInfo=IntegerProperty [value: 93]}]}
2023-01-19 19:28:53 MECHSEWING DEBUG ProductDAO showListOfProducts - Отправляем запрос в БД ->
 -> SELECT * FROM order_product  LEFT JOIN orders ON (order_product.order_id=orders.id) LEFT JOIN machines ON (order_product.machines_id=machines.id) LEFT JOIN units ON (order_product.units_id=units.id) WHERE order_product.order_id = ?;
2023-01-19 19:28:53 MECHSEWING DEBUG DatabaseConnection getDatabaseConnection - Подключение к БД
2023-01-19 19:28:53 MECHSEWING DEBUG ProductDAO showListOfProducts - Перебираем полученные данные из БД
2023-01-19 19:28:53 MECHSEWING DEBUG ProductDAO showListOfProducts - Возвращаем заполненный лист позиций ->
 -> ProductListFX{productDataFX=[]}
2023-01-19 19:28:54 MECHSEWING DEBUG ProductDAO showListOfProducts - Отправляем запрос в БД ->
 -> SELECT * FROM order_product  LEFT JOIN orders ON (order_product.order_id=orders.id) LEFT JOIN machines ON (order_product.machines_id=machines.id) LEFT JOIN units ON (order_product.units_id=units.id) WHERE order_product.order_id = ?;
2023-01-19 19:28:54 MECHSEWING DEBUG DatabaseConnection getDatabaseConnection - Подключение к БД
2023-01-19 19:28:55 MECHSEWING DEBUG ProductDAO showListOfProducts - Перебираем полученные данные из БД
2023-01-19 19:28:55 MECHSEWING DEBUG ProductDAO FillingInList - Выполняем метод заполнения листа  FillingInList
2023-01-19 19:28:55 MECHSEWING DEBUG ProductDAO FillingInList - Выполняем метод заполнения листа  FillingInList
2023-01-19 19:28:55 MECHSEWING DEBUG ProductDAO FillingInList - Выполняем метод заполнения листа  FillingInList
2023-01-19 19:28:55 MECHSEWING DEBUG ProductDAO FillingInList - Выполняем метод заполнения листа  FillingInList
2023-01-19 19:28:55 MECHSEWING DEBUG ProductDAO FillingInList - Выполняем метод заполнения листа  FillingInList
2023-01-19 19:28:55 MECHSEWING DEBUG ProductDAO FillingInList - Выполняем метод заполнения листа  FillingInList
2023-01-19 19:28:55 MECHSEWING DEBUG ProductDAO FillingInList - Выполняем метод заполнения листа  FillingInList
2023-01-19 19:28:55 MECHSEWING DEBUG ProductDAO FillingInList - Выполняем метод заполнения листа  FillingInList
2023-01-19 19:28:55 MECHSEWING DEBUG ProductDAO showListOfProducts - Возвращаем заполненный лист позиций ->
 -> ProductListFX{productDataFX=[ProductFX{id=IntegerProperty [value: 73], name=StringProperty [value: Пресс-масленка под 45 град. М6х1,0], amount=IntegerProperty [value: 50], machine=StringProperty [value: Расход], status=StringProperty [value: ожидание], statusFX=null, order=IntegerProperty [value: 58], productInfo=IntegerProperty [value: 98]}, ProductFX{id=IntegerProperty [value: 74], name=StringProperty [value: Пресс-масленка прямая М6х1,0], amount=IntegerProperty [value: 50], machine=StringProperty [value: Расход], status=StringProperty [value: ожидание], statusFX=null, order=IntegerProperty [value: 58], productInfo=IntegerProperty [value: 99]}, ProductFX{id=IntegerProperty [value: 75], name=StringProperty [value: Пресс-масленка под 45 град. М10х1,0], amount=IntegerProperty [value: 50], machine=StringProperty [value: Расход], status=StringProperty [value: ожидание], statusFX=null, order=IntegerProperty [value: 58], productInfo=IntegerProperty [value: 100]}, ProductFX{id=IntegerProperty [value: 76], name=StringProperty [value: Пресс-масленка прямая М10х1,0], amount=IntegerProperty [value: 50], machine=StringProperty [value: Расход], status=StringProperty [value: ожидание], statusFX=null, order=IntegerProperty [value: 58], productInfo=IntegerProperty [value: 101]}, ProductFX{id=IntegerProperty [value: 77], name=StringProperty [value: Пресс-масленка под 45 град. М8х1,0], amount=IntegerProperty [value: 50], machine=StringProperty [value: Расход], status=StringProperty [value: ожидание], statusFX=null, order=IntegerProperty [value: 58], productInfo=IntegerProperty [value: 102]}, ProductFX{id=IntegerProperty [value: 78], name=StringProperty [value: Пресс-масленка прямая М8х1,0], amount=IntegerProperty [value: 50], machine=StringProperty [value: Расход], status=StringProperty [value: ожидание], statusFX=null, order=IntegerProperty [value: 58], productInfo=IntegerProperty [value: 103]}, ProductFX{id=IntegerProperty [value: 79], name=StringProperty [value: Винт с низкой цилиндрической головкой и внутренним шестигранником, М6х16], amount=IntegerProperty [value: 100], machine=StringProperty [value: Расход], status=StringProperty [value: ожидание], statusFX=null, order=IntegerProperty [value: 58], productInfo=IntegerProperty [value: 104]}, ProductFX{id=IntegerProperty [value: 80], name=StringProperty [value: ISO 4026 A4 (M3x6) Винт установочный с тупым концом под внутренний шестигранник M3x6], amount=IntegerProperty [value: 20], machine=StringProperty [value: Расход], status=StringProperty [value: ожидание], statusFX=null, order=IntegerProperty [value: 58], productInfo=IntegerProperty [value: 105]}]}
2023-01-19 19:35:10 MECHSEWING INFO  Main main - Происходит загрузка программы
2023-01-19 20:20:07 MECHSEWING INFO  Main main - Происходит загрузка программы
2023-01-19 20:20:07 MECHSEWING DEBUG ProductInfoDAO delete - Отправляем запрос в БД ->
 -> DELETE FROM status_user WHERE id =?;
