2023-01-17 00:28:23 MECHSEWING INFO  Main main - Происходит загрузка программы
2023-01-17 00:28:23 MECHSEWING DEBUG OrdersDAO showListOfOrders - Отправляем запрос в БД ->
 -> SELECT * FROM orders  LEFT JOIN users ON (orders.user_id=users.id_users)
2023-01-17 01:04:55 MECHSEWING INFO  Main main - Происходит загрузка программы
2023-01-17 01:04:55 MECHSEWING DEBUG OrdersDAO showListOfOrders - Отправляем запрос в БД ->
 -> SELECT * FROM orders  LEFT JOIN users ON (orders.user_id=users.id_users)
2023-01-17 01:04:56 MECHSEWING DEBUG OrdersDAO showListOfOrders - Перебираем полученные данные из БД
2023-01-17 01:04:56 MECHSEWING DEBUG OrdersDAO FillingInList - Выполняем метод заполнения листа  FillingInList
2023-01-17 01:04:56 MECHSEWING DEBUG OrdersDAO FillingInList - Выполняем метод заполнения листа  FillingInList
2023-01-17 01:04:56 MECHSEWING DEBUG OrdersDAO FillingInList - Выполняем метод заполнения листа  FillingInList
2023-01-17 01:04:56 MECHSEWING DEBUG OrdersDAO FillingInList - Выполняем метод заполнения листа  FillingInList
2023-01-17 01:04:56 MECHSEWING DEBUG OrdersDAO FillingInList - Выполняем метод заполнения листа  FillingInList
2023-01-17 01:04:56 MECHSEWING DEBUG OrdersDAO FillingInList - Выполняем метод заполнения листа  FillingInList
2023-01-17 01:04:56 MECHSEWING DEBUG OrdersDAO FillingInList - Выполняем метод заполнения листа  FillingInList
2023-01-17 01:04:56 MECHSEWING DEBUG OrdersDAO FillingInList - Выполняем метод заполнения листа  FillingInList
2023-01-17 01:04:56 MECHSEWING DEBUG OrdersDAO FillingInList - Выполняем метод заполнения листа  FillingInList
2023-01-17 01:04:56 MECHSEWING DEBUG OrdersDAO FillingInList - Выполняем метод заполнения листа  FillingInList
2023-01-17 01:04:56 MECHSEWING DEBUG OrdersDAO FillingInList - Выполняем метод заполнения листа  FillingInList
2023-01-17 01:04:56 MECHSEWING DEBUG OrdersDAO FillingInList - Выполняем метод заполнения листа  FillingInList
2023-01-17 01:04:56 MECHSEWING DEBUG OrdersDAO showListOfOrders - Возвращаем заполненный лист ордеров ->
 -> ListOrder{orderData=[OrderFX{id=IntegerProperty [value: 5], number_order=StringProperty [value: 322-1209-0819], order_description=StringProperty [value: Подшипники 6303], user=StringProperty [value: Евгений Друк], order_date=StringProperty [value: 09.12.2022]}, OrderFX{id=IntegerProperty [value: 36], number_order=StringProperty [value: 1234], order_description=StringProperty [value: Заказ куллеров], user=StringProperty [value: Кирилл Бриги], order_date=StringProperty [value: 30.12.2022]}, OrderFX{id=IntegerProperty [value: 37], number_order=StringProperty [value: 1234], order_description=StringProperty [value: Заказ Куллеров], user=StringProperty [value: Кирилл Бриги], order_date=StringProperty [value: 30.12.2022]}, OrderFX{id=IntegerProperty [value: 51], number_order=StringProperty [value: №227-122022], order_description=StringProperty [value: Молотки], user=StringProperty [value: Александр Новоставский], order_date=StringProperty [value: 12.01.2023]}, OrderFX{id=IntegerProperty [value: 52], number_order=StringProperty [value: №210-122022], order_description=StringProperty [value: Заявка камни], user=StringProperty [value: Сергей Сокол], order_date=StringProperty [value: 12.01.2023]}, OrderFX{id=IntegerProperty [value: 53], number_order=StringProperty [value: №213-122022], order_description=StringProperty [value: Заявка подшипники], user=StringProperty [value: Сергей Сокол], order_date=StringProperty [value: 12.01.2023]}, OrderFX{id=IntegerProperty [value: 54], number_order=StringProperty [value: №215-122022], order_description=StringProperty [value: Синтепон подшипники], user=StringProperty [value: Владислав Баечко], order_date=StringProperty [value: 12.01.2023]}, OrderFX{id=IntegerProperty [value: 55], number_order=StringProperty [value: №217-122022], order_description=StringProperty [value: Заявка расходники], user=StringProperty [value: Сергей Сокол], order_date=StringProperty [value: 12.01.2023]}, OrderFX{id=IntegerProperty [value: 56], number_order=StringProperty [value: №225-122022], order_description=StringProperty [value: Заявка синтепон ремень], user=StringProperty [value: Евгений Друк], order_date=StringProperty [value: 12.01.2023]}, OrderFX{id=IntegerProperty [value: 58], number_order=StringProperty [value: №232-012023], order_description=StringProperty [value: Заявка синтепон разное], user=StringProperty [value: Владислав Баечко], order_date=StringProperty [value: 12.01.2023]}, OrderFX{id=IntegerProperty [value: 59], number_order=StringProperty [value: №244-012023], order_description=StringProperty [value: Заявка инструмент], user=StringProperty [value: Сергей Сокол], order_date=StringProperty [value: 12.01.2023]}, OrderFX{id=IntegerProperty [value: 60], number_order=StringProperty [value: 245-012023], order_description=StringProperty [value: манометры ], user=StringProperty [value: Евгений Друк], order_date=StringProperty [value: 13.01.2023]}]}
2023-01-17 01:06:21 MECHSEWING INFO  Main main - Происходит загрузка программы
2023-01-17 01:06:22 MECHSEWING DEBUG OrdersDAO showListOfOrders - Отправляем запрос в БД ->
 -> SELECT * FROM orders  LEFT JOIN users ON (orders.user_id=users.id_users)
2023-01-17 01:06:22 MECHSEWING DEBUG OrdersDAO showListOfOrders - Перебираем полученные данные из БД
2023-01-17 01:06:22 MECHSEWING DEBUG OrdersDAO FillingInList - Выполняем метод заполнения листа  FillingInList
2023-01-17 01:06:22 MECHSEWING DEBUG OrdersDAO FillingInList - Выполняем метод заполнения листа  FillingInList
2023-01-17 01:06:22 MECHSEWING DEBUG OrdersDAO FillingInList - Выполняем метод заполнения листа  FillingInList
2023-01-17 01:06:22 MECHSEWING DEBUG OrdersDAO FillingInList - Выполняем метод заполнения листа  FillingInList
2023-01-17 01:06:22 MECHSEWING DEBUG OrdersDAO FillingInList - Выполняем метод заполнения листа  FillingInList
2023-01-17 01:06:22 MECHSEWING DEBUG OrdersDAO FillingInList - Выполняем метод заполнения листа  FillingInList
2023-01-17 01:06:22 MECHSEWING DEBUG OrdersDAO FillingInList - Выполняем метод заполнения листа  FillingInList
2023-01-17 01:06:22 MECHSEWING DEBUG OrdersDAO FillingInList - Выполняем метод заполнения листа  FillingInList
2023-01-17 01:06:22 MECHSEWING DEBUG OrdersDAO FillingInList - Выполняем метод заполнения листа  FillingInList
2023-01-17 01:06:22 MECHSEWING DEBUG OrdersDAO FillingInList - Выполняем метод заполнения листа  FillingInList
2023-01-17 01:06:22 MECHSEWING DEBUG OrdersDAO FillingInList - Выполняем метод заполнения листа  FillingInList
2023-01-17 01:06:22 MECHSEWING DEBUG OrdersDAO FillingInList - Выполняем метод заполнения листа  FillingInList
2023-01-17 01:06:22 MECHSEWING DEBUG OrdersDAO showListOfOrders - Возвращаем заполненный лист ордеров ->
 -> ListOrder{orderData=[OrderFX{id=IntegerProperty [value: 5], number_order=StringProperty [value: 322-1209-0819], order_description=StringProperty [value: Подшипники 6303], user=StringProperty [value: Евгений Друк], order_date=StringProperty [value: 09.12.2022]}, OrderFX{id=IntegerProperty [value: 36], number_order=StringProperty [value: 1234], order_description=StringProperty [value: Заказ куллеров], user=StringProperty [value: Кирилл Бриги], order_date=StringProperty [value: 30.12.2022]}, OrderFX{id=IntegerProperty [value: 37], number_order=StringProperty [value: 1234], order_description=StringProperty [value: Заказ Куллеров], user=StringProperty [value: Кирилл Бриги], order_date=StringProperty [value: 30.12.2022]}, OrderFX{id=IntegerProperty [value: 51], number_order=StringProperty [value: №227-122022], order_description=StringProperty [value: Молотки], user=StringProperty [value: Александр Новоставский], order_date=StringProperty [value: 12.01.2023]}, OrderFX{id=IntegerProperty [value: 52], number_order=StringProperty [value: №210-122022], order_description=StringProperty [value: Заявка камни], user=StringProperty [value: Сергей Сокол], order_date=StringProperty [value: 12.01.2023]}, OrderFX{id=IntegerProperty [value: 53], number_order=StringProperty [value: №213-122022], order_description=StringProperty [value: Заявка подшипники], user=StringProperty [value: Сергей Сокол], order_date=StringProperty [value: 12.01.2023]}, OrderFX{id=IntegerProperty [value: 54], number_order=StringProperty [value: №215-122022], order_description=StringProperty [value: Синтепон подшипники], user=StringProperty [value: Владислав Баечко], order_date=StringProperty [value: 12.01.2023]}, OrderFX{id=IntegerProperty [value: 55], number_order=StringProperty [value: №217-122022], order_description=StringProperty [value: Заявка расходники], user=StringProperty [value: Сергей Сокол], order_date=StringProperty [value: 12.01.2023]}, OrderFX{id=IntegerProperty [value: 56], number_order=StringProperty [value: №225-122022], order_description=StringProperty [value: Заявка синтепон ремень], user=StringProperty [value: Евгений Друк], order_date=StringProperty [value: 12.01.2023]}, OrderFX{id=IntegerProperty [value: 58], number_order=StringProperty [value: №232-012023], order_description=StringProperty [value: Заявка синтепон разное], user=StringProperty [value: Владислав Баечко], order_date=StringProperty [value: 12.01.2023]}, OrderFX{id=IntegerProperty [value: 59], number_order=StringProperty [value: №244-012023], order_description=StringProperty [value: Заявка инструмент], user=StringProperty [value: Сергей Сокол], order_date=StringProperty [value: 12.01.2023]}, OrderFX{id=IntegerProperty [value: 60], number_order=StringProperty [value: 245-012023], order_description=StringProperty [value: манометры ], user=StringProperty [value: Евгений Друк], order_date=StringProperty [value: 13.01.2023]}]}
2023-01-17 01:09:25 MECHSEWING INFO  Main main - Происходит загрузка программы
2023-01-17 01:09:25 MECHSEWING DEBUG OrdersDAO showListOfOrders - Отправляем запрос в БД ->
 -> SELECT * FROM orders  LEFT JOIN users ON (orders.user_id=users.id_users)
2023-01-17 01:09:25 MECHSEWING DEBUG OrdersDAO showListOfOrders - Перебираем полученные данные из БД
2023-01-17 01:09:25 MECHSEWING DEBUG OrdersDAO FillingInList - Выполняем метод заполнения листа  FillingInList
2023-01-17 01:09:25 MECHSEWING DEBUG OrdersDAO FillingInList - Выполняем метод заполнения листа  FillingInList
2023-01-17 01:09:25 MECHSEWING DEBUG OrdersDAO FillingInList - Выполняем метод заполнения листа  FillingInList
2023-01-17 01:09:25 MECHSEWING DEBUG OrdersDAO FillingInList - Выполняем метод заполнения листа  FillingInList
2023-01-17 01:09:25 MECHSEWING DEBUG OrdersDAO FillingInList - Выполняем метод заполнения листа  FillingInList
2023-01-17 01:09:25 MECHSEWING DEBUG OrdersDAO FillingInList - Выполняем метод заполнения листа  FillingInList
2023-01-17 01:09:25 MECHSEWING DEBUG OrdersDAO FillingInList - Выполняем метод заполнения листа  FillingInList
2023-01-17 01:09:25 MECHSEWING DEBUG OrdersDAO FillingInList - Выполняем метод заполнения листа  FillingInList
2023-01-17 01:09:25 MECHSEWING DEBUG OrdersDAO FillingInList - Выполняем метод заполнения листа  FillingInList
2023-01-17 01:09:25 MECHSEWING DEBUG OrdersDAO FillingInList - Выполняем метод заполнения листа  FillingInList
2023-01-17 01:09:25 MECHSEWING DEBUG OrdersDAO FillingInList - Выполняем метод заполнения листа  FillingInList
2023-01-17 01:09:25 MECHSEWING DEBUG OrdersDAO FillingInList - Выполняем метод заполнения листа  FillingInList
2023-01-17 01:09:25 MECHSEWING DEBUG OrdersDAO showListOfOrders - Возвращаем заполненный лист ордеров ->
 -> ListOrder{orderData=[OrderFX{id=IntegerProperty [value: 5], number_order=StringProperty [value: 322-1209-0819], order_description=StringProperty [value: Подшипники 6303], user=StringProperty [value: Евгений Друк], order_date=StringProperty [value: 09.12.2022]}, OrderFX{id=IntegerProperty [value: 36], number_order=StringProperty [value: 1234], order_description=StringProperty [value: Заказ куллеров], user=StringProperty [value: Кирилл Бриги], order_date=StringProperty [value: 30.12.2022]}, OrderFX{id=IntegerProperty [value: 37], number_order=StringProperty [value: 1234], order_description=StringProperty [value: Заказ Куллеров], user=StringProperty [value: Кирилл Бриги], order_date=StringProperty [value: 30.12.2022]}, OrderFX{id=IntegerProperty [value: 51], number_order=StringProperty [value: №227-122022], order_description=StringProperty [value: Молотки], user=StringProperty [value: Александр Новоставский], order_date=StringProperty [value: 12.01.2023]}, OrderFX{id=IntegerProperty [value: 52], number_order=StringProperty [value: №210-122022], order_description=StringProperty [value: Заявка камни], user=StringProperty [value: Сергей Сокол], order_date=StringProperty [value: 12.01.2023]}, OrderFX{id=IntegerProperty [value: 53], number_order=StringProperty [value: №213-122022], order_description=StringProperty [value: Заявка подшипники], user=StringProperty [value: Сергей Сокол], order_date=StringProperty [value: 12.01.2023]}, OrderFX{id=IntegerProperty [value: 54], number_order=StringProperty [value: №215-122022], order_description=StringProperty [value: Синтепон подшипники], user=StringProperty [value: Владислав Баечко], order_date=StringProperty [value: 12.01.2023]}, OrderFX{id=IntegerProperty [value: 55], number_order=StringProperty [value: №217-122022], order_description=StringProperty [value: Заявка расходники], user=StringProperty [value: Сергей Сокол], order_date=StringProperty [value: 12.01.2023]}, OrderFX{id=IntegerProperty [value: 56], number_order=StringProperty [value: №225-122022], order_description=StringProperty [value: Заявка синтепон ремень], user=StringProperty [value: Евгений Друк], order_date=StringProperty [value: 12.01.2023]}, OrderFX{id=IntegerProperty [value: 58], number_order=StringProperty [value: №232-012023], order_description=StringProperty [value: Заявка синтепон разное], user=StringProperty [value: Владислав Баечко], order_date=StringProperty [value: 12.01.2023]}, OrderFX{id=IntegerProperty [value: 59], number_order=StringProperty [value: №244-012023], order_description=StringProperty [value: Заявка инструмент], user=StringProperty [value: Сергей Сокол], order_date=StringProperty [value: 12.01.2023]}, OrderFX{id=IntegerProperty [value: 60], number_order=StringProperty [value: 245-012023], order_description=StringProperty [value: манометры ], user=StringProperty [value: Евгений Друк], order_date=StringProperty [value: 13.01.2023]}]}
2023-01-17 03:57:39 MECHSEWING INFO  Main main - Происходит загрузка программы
2023-01-17 04:03:47 MECHSEWING INFO  Main main - Происходит загрузка программы
2023-01-17 04:03:48 MECHSEWING DEBUG OrdersDAO showListOfOrders - Отправляем запрос в БД ->
 -> SELECT * FROM orders  LEFT JOIN users ON (orders.user_id=users.id_users)
2023-01-17 04:03:48 MECHSEWING DEBUG OrdersDAO showListOfOrders - Перебираем полученные данные из БД
2023-01-17 04:03:48 MECHSEWING DEBUG OrdersDAO FillingInList - Выполняем метод заполнения листа  FillingInList
2023-01-17 04:03:48 MECHSEWING DEBUG OrdersDAO FillingInList - Выполняем метод заполнения листа  FillingInList
2023-01-17 04:03:48 MECHSEWING DEBUG OrdersDAO FillingInList - Выполняем метод заполнения листа  FillingInList
2023-01-17 04:03:48 MECHSEWING DEBUG OrdersDAO FillingInList - Выполняем метод заполнения листа  FillingInList
2023-01-17 04:03:48 MECHSEWING DEBUG OrdersDAO FillingInList - Выполняем метод заполнения листа  FillingInList
2023-01-17 04:03:48 MECHSEWING DEBUG OrdersDAO FillingInList - Выполняем метод заполнения листа  FillingInList
2023-01-17 04:03:48 MECHSEWING DEBUG OrdersDAO FillingInList - Выполняем метод заполнения листа  FillingInList
2023-01-17 04:03:48 MECHSEWING DEBUG OrdersDAO FillingInList - Выполняем метод заполнения листа  FillingInList
2023-01-17 04:03:48 MECHSEWING DEBUG OrdersDAO FillingInList - Выполняем метод заполнения листа  FillingInList
2023-01-17 04:03:48 MECHSEWING DEBUG OrdersDAO FillingInList - Выполняем метод заполнения листа  FillingInList
2023-01-17 04:03:48 MECHSEWING DEBUG OrdersDAO FillingInList - Выполняем метод заполнения листа  FillingInList
2023-01-17 04:03:48 MECHSEWING DEBUG OrdersDAO FillingInList - Выполняем метод заполнения листа  FillingInList
2023-01-17 04:03:48 MECHSEWING DEBUG OrdersDAO showListOfOrders - Возвращаем заполненный лист ордеров ->
 -> ListOrder{orderData=[OrderFX{id=IntegerProperty [value: 5], number_order=StringProperty [value: 322-1209-0819], order_description=StringProperty [value: Подшипники 6303], user=StringProperty [value: Евгений Друк], order_date=StringProperty [value: 09.12.2022]}, OrderFX{id=IntegerProperty [value: 36], number_order=StringProperty [value: 1234], order_description=StringProperty [value: Заказ куллеров], user=StringProperty [value: Кирилл Бриги], order_date=StringProperty [value: 30.12.2022]}, OrderFX{id=IntegerProperty [value: 37], number_order=StringProperty [value: 1234], order_description=StringProperty [value: Заказ Куллеров], user=StringProperty [value: Кирилл Бриги], order_date=StringProperty [value: 30.12.2022]}, OrderFX{id=IntegerProperty [value: 51], number_order=StringProperty [value: №227-122022], order_description=StringProperty [value: Молотки], user=StringProperty [value: Александр Новоставский], order_date=StringProperty [value: 12.01.2023]}, OrderFX{id=IntegerProperty [value: 52], number_order=StringProperty [value: №210-122022], order_description=StringProperty [value: Заявка камни], user=StringProperty [value: Сергей Сокол], order_date=StringProperty [value: 12.01.2023]}, OrderFX{id=IntegerProperty [value: 53], number_order=StringProperty [value: №213-122022], order_description=StringProperty [value: Заявка подшипники], user=StringProperty [value: Сергей Сокол], order_date=StringProperty [value: 12.01.2023]}, OrderFX{id=IntegerProperty [value: 54], number_order=StringProperty [value: №215-122022], order_description=StringProperty [value: Синтепон подшипники], user=StringProperty [value: Владислав Баечко], order_date=StringProperty [value: 12.01.2023]}, OrderFX{id=IntegerProperty [value: 55], number_order=StringProperty [value: №217-122022], order_description=StringProperty [value: Заявка расходники], user=StringProperty [value: Сергей Сокол], order_date=StringProperty [value: 12.01.2023]}, OrderFX{id=IntegerProperty [value: 56], number_order=StringProperty [value: №225-122022], order_description=StringProperty [value: Заявка синтепон ремень], user=StringProperty [value: Евгений Друк], order_date=StringProperty [value: 12.01.2023]}, OrderFX{id=IntegerProperty [value: 58], number_order=StringProperty [value: №232-012023], order_description=StringProperty [value: Заявка синтепон разное], user=StringProperty [value: Владислав Баечко], order_date=StringProperty [value: 12.01.2023]}, OrderFX{id=IntegerProperty [value: 59], number_order=StringProperty [value: №244-012023], order_description=StringProperty [value: Заявка инструмент], user=StringProperty [value: Сергей Сокол], order_date=StringProperty [value: 12.01.2023]}, OrderFX{id=IntegerProperty [value: 60], number_order=StringProperty [value: 245-012023], order_description=StringProperty [value: манометры ], user=StringProperty [value: Евгений Друк], order_date=StringProperty [value: 13.01.2023]}]}
2023-01-17 04:04:27 MECHSEWING INFO  Main main - Происходит загрузка программы
2023-01-17 04:04:28 MECHSEWING DEBUG OrdersDAO showListOfOrders - Отправляем запрос в БД ->
 -> SELECT * FROM orders  LEFT JOIN users ON (orders.user_id=users.id_users)
2023-01-17 04:04:28 MECHSEWING DEBUG OrdersDAO showListOfOrders - Перебираем полученные данные из БД
2023-01-17 04:04:28 MECHSEWING DEBUG OrdersDAO FillingInList - Выполняем метод заполнения листа  FillingInList
2023-01-17 04:04:28 MECHSEWING DEBUG OrdersDAO FillingInList - Выполняем метод заполнения листа  FillingInList
2023-01-17 04:04:28 MECHSEWING DEBUG OrdersDAO FillingInList - Выполняем метод заполнения листа  FillingInList
2023-01-17 04:04:28 MECHSEWING DEBUG OrdersDAO FillingInList - Выполняем метод заполнения листа  FillingInList
2023-01-17 04:04:28 MECHSEWING DEBUG OrdersDAO FillingInList - Выполняем метод заполнения листа  FillingInList
2023-01-17 04:04:28 MECHSEWING DEBUG OrdersDAO FillingInList - Выполняем метод заполнения листа  FillingInList
2023-01-17 04:04:28 MECHSEWING DEBUG OrdersDAO FillingInList - Выполняем метод заполнения листа  FillingInList
2023-01-17 04:04:28 MECHSEWING DEBUG OrdersDAO FillingInList - Выполняем метод заполнения листа  FillingInList
2023-01-17 04:04:28 MECHSEWING DEBUG OrdersDAO FillingInList - Выполняем метод заполнения листа  FillingInList
2023-01-17 04:04:28 MECHSEWING DEBUG OrdersDAO FillingInList - Выполняем метод заполнения листа  FillingInList
2023-01-17 04:04:28 MECHSEWING DEBUG OrdersDAO FillingInList - Выполняем метод заполнения листа  FillingInList
2023-01-17 04:04:28 MECHSEWING DEBUG OrdersDAO FillingInList - Выполняем метод заполнения листа  FillingInList
2023-01-17 04:04:28 MECHSEWING DEBUG OrdersDAO showListOfOrders - Возвращаем заполненный лист ордеров ->
 -> ListOrder{orderData=[OrderFX{id=IntegerProperty [value: 5], number_order=StringProperty [value: 322-1209-0819], order_description=StringProperty [value: Подшипники 6303], user=StringProperty [value: Евгений Друк], order_date=StringProperty [value: 09.12.2022]}, OrderFX{id=IntegerProperty [value: 36], number_order=StringProperty [value: 1234], order_description=StringProperty [value: Заказ куллеров], user=StringProperty [value: Кирилл Бриги], order_date=StringProperty [value: 30.12.2022]}, OrderFX{id=IntegerProperty [value: 37], number_order=StringProperty [value: 1234], order_description=StringProperty [value: Заказ Куллеров], user=StringProperty [value: Кирилл Бриги], order_date=StringProperty [value: 30.12.2022]}, OrderFX{id=IntegerProperty [value: 51], number_order=StringProperty [value: №227-122022], order_description=StringProperty [value: Молотки], user=StringProperty [value: Александр Новоставский], order_date=StringProperty [value: 12.01.2023]}, OrderFX{id=IntegerProperty [value: 52], number_order=StringProperty [value: №210-122022], order_description=StringProperty [value: Заявка камни], user=StringProperty [value: Сергей Сокол], order_date=StringProperty [value: 12.01.2023]}, OrderFX{id=IntegerProperty [value: 53], number_order=StringProperty [value: №213-122022], order_description=StringProperty [value: Заявка подшипники], user=StringProperty [value: Сергей Сокол], order_date=StringProperty [value: 12.01.2023]}, OrderFX{id=IntegerProperty [value: 54], number_order=StringProperty [value: №215-122022], order_description=StringProperty [value: Синтепон подшипники], user=StringProperty [value: Владислав Баечко], order_date=StringProperty [value: 12.01.2023]}, OrderFX{id=IntegerProperty [value: 55], number_order=StringProperty [value: №217-122022], order_description=StringProperty [value: Заявка расходники], user=StringProperty [value: Сергей Сокол], order_date=StringProperty [value: 12.01.2023]}, OrderFX{id=IntegerProperty [value: 56], number_order=StringProperty [value: №225-122022], order_description=StringProperty [value: Заявка синтепон ремень], user=StringProperty [value: Евгений Друк], order_date=StringProperty [value: 12.01.2023]}, OrderFX{id=IntegerProperty [value: 58], number_order=StringProperty [value: №232-012023], order_description=StringProperty [value: Заявка синтепон разное], user=StringProperty [value: Владислав Баечко], order_date=StringProperty [value: 12.01.2023]}, OrderFX{id=IntegerProperty [value: 59], number_order=StringProperty [value: №244-012023], order_description=StringProperty [value: Заявка инструмент], user=StringProperty [value: Сергей Сокол], order_date=StringProperty [value: 12.01.2023]}, OrderFX{id=IntegerProperty [value: 60], number_order=StringProperty [value: 245-012023], order_description=StringProperty [value: манометры ], user=StringProperty [value: Евгений Друк], order_date=StringProperty [value: 13.01.2023]}]}
2023-01-17 04:06:07 MECHSEWING INFO  Main main - Происходит загрузка программы
2023-01-17 04:06:07 MECHSEWING DEBUG OrdersDAO showListOfOrders - Отправляем запрос в БД ->
 -> SELECT * FROM orders  LEFT JOIN users ON (orders.user_id=users.id_users)
2023-01-17 04:06:07 MECHSEWING DEBUG OrdersDAO showListOfOrders - Перебираем полученные данные из БД
2023-01-17 04:06:07 MECHSEWING DEBUG OrdersDAO FillingInList - Выполняем метод заполнения листа  FillingInList
2023-01-17 04:06:07 MECHSEWING DEBUG OrdersDAO FillingInList - Выполняем метод заполнения листа  FillingInList
2023-01-17 04:06:07 MECHSEWING DEBUG OrdersDAO FillingInList - Выполняем метод заполнения листа  FillingInList
2023-01-17 04:06:07 MECHSEWING DEBUG OrdersDAO FillingInList - Выполняем метод заполнения листа  FillingInList
2023-01-17 04:06:07 MECHSEWING DEBUG OrdersDAO FillingInList - Выполняем метод заполнения листа  FillingInList
2023-01-17 04:06:07 MECHSEWING DEBUG OrdersDAO FillingInList - Выполняем метод заполнения листа  FillingInList
2023-01-17 04:06:07 MECHSEWING DEBUG OrdersDAO FillingInList - Выполняем метод заполнения листа  FillingInList
2023-01-17 04:06:07 MECHSEWING DEBUG OrdersDAO FillingInList - Выполняем метод заполнения листа  FillingInList
2023-01-17 04:06:07 MECHSEWING DEBUG OrdersDAO FillingInList - Выполняем метод заполнения листа  FillingInList
2023-01-17 04:06:07 MECHSEWING DEBUG OrdersDAO FillingInList - Выполняем метод заполнения листа  FillingInList
2023-01-17 04:06:07 MECHSEWING DEBUG OrdersDAO FillingInList - Выполняем метод заполнения листа  FillingInList
2023-01-17 04:06:07 MECHSEWING DEBUG OrdersDAO FillingInList - Выполняем метод заполнения листа  FillingInList
2023-01-17 04:06:07 MECHSEWING DEBUG OrdersDAO showListOfOrders - Возвращаем заполненный лист ордеров ->
 -> ListOrder{orderData=[OrderFX{id=IntegerProperty [value: 5], number_order=StringProperty [value: 322-1209-0819], order_description=StringProperty [value: Подшипники 6303], user=StringProperty [value: Евгений Друк], order_date=StringProperty [value: 09.12.2022]}, OrderFX{id=IntegerProperty [value: 36], number_order=StringProperty [value: 1234], order_description=StringProperty [value: Заказ куллеров], user=StringProperty [value: Кирилл Бриги], order_date=StringProperty [value: 30.12.2022]}, OrderFX{id=IntegerProperty [value: 37], number_order=StringProperty [value: 1234], order_description=StringProperty [value: Заказ Куллеров], user=StringProperty [value: Кирилл Бриги], order_date=StringProperty [value: 30.12.2022]}, OrderFX{id=IntegerProperty [value: 51], number_order=StringProperty [value: №227-122022], order_description=StringProperty [value: Молотки], user=StringProperty [value: Александр Новоставский], order_date=StringProperty [value: 12.01.2023]}, OrderFX{id=IntegerProperty [value: 52], number_order=StringProperty [value: №210-122022], order_description=StringProperty [value: Заявка камни], user=StringProperty [value: Сергей Сокол], order_date=StringProperty [value: 12.01.2023]}, OrderFX{id=IntegerProperty [value: 53], number_order=StringProperty [value: №213-122022], order_description=StringProperty [value: Заявка подшипники], user=StringProperty [value: Сергей Сокол], order_date=StringProperty [value: 12.01.2023]}, OrderFX{id=IntegerProperty [value: 54], number_order=StringProperty [value: №215-122022], order_description=StringProperty [value: Синтепон подшипники], user=StringProperty [value: Владислав Баечко], order_date=StringProperty [value: 12.01.2023]}, OrderFX{id=IntegerProperty [value: 55], number_order=StringProperty [value: №217-122022], order_description=StringProperty [value: Заявка расходники], user=StringProperty [value: Сергей Сокол], order_date=StringProperty [value: 12.01.2023]}, OrderFX{id=IntegerProperty [value: 56], number_order=StringProperty [value: №225-122022], order_description=StringProperty [value: Заявка синтепон ремень], user=StringProperty [value: Евгений Друк], order_date=StringProperty [value: 12.01.2023]}, OrderFX{id=IntegerProperty [value: 58], number_order=StringProperty [value: №232-012023], order_description=StringProperty [value: Заявка синтепон разное], user=StringProperty [value: Владислав Баечко], order_date=StringProperty [value: 12.01.2023]}, OrderFX{id=IntegerProperty [value: 59], number_order=StringProperty [value: №244-012023], order_description=StringProperty [value: Заявка инструмент], user=StringProperty [value: Сергей Сокол], order_date=StringProperty [value: 12.01.2023]}, OrderFX{id=IntegerProperty [value: 60], number_order=StringProperty [value: 245-012023], order_description=StringProperty [value: манометры ], user=StringProperty [value: Евгений Друк], order_date=StringProperty [value: 13.01.2023]}]}
2023-01-17 04:06:30 MECHSEWING INFO  Main main - Происходит загрузка программы
2023-01-17 04:38:53 MECHSEWING INFO  Main main - Происходит загрузка программы
2023-01-17 18:06:13 MECHSEWING INFO  Main main - Происходит загрузка программы
2023-01-17 18:06:14 MECHSEWING DEBUG OrdersDAO showListOfOrders - Отправляем запрос в БД ->
 -> SELECT * FROM orders  LEFT JOIN users ON (orders.user_id=users.id_users)
2023-01-17 18:06:14 MECHSEWING DEBUG OrdersDAO showListOfOrders - Перебираем полученные данные из БД
2023-01-17 18:06:14 MECHSEWING DEBUG OrdersDAO FillingInList - Выполняем метод заполнения листа  FillingInList
2023-01-17 18:06:14 MECHSEWING DEBUG OrdersDAO FillingInList - Выполняем метод заполнения листа  FillingInList
2023-01-17 18:06:14 MECHSEWING DEBUG OrdersDAO FillingInList - Выполняем метод заполнения листа  FillingInList
2023-01-17 18:06:14 MECHSEWING DEBUG OrdersDAO FillingInList - Выполняем метод заполнения листа  FillingInList
2023-01-17 18:06:14 MECHSEWING DEBUG OrdersDAO FillingInList - Выполняем метод заполнения листа  FillingInList
2023-01-17 18:06:14 MECHSEWING DEBUG OrdersDAO FillingInList - Выполняем метод заполнения листа  FillingInList
2023-01-17 18:06:14 MECHSEWING DEBUG OrdersDAO FillingInList - Выполняем метод заполнения листа  FillingInList
2023-01-17 18:06:14 MECHSEWING DEBUG OrdersDAO FillingInList - Выполняем метод заполнения листа  FillingInList
2023-01-17 18:06:14 MECHSEWING DEBUG OrdersDAO FillingInList - Выполняем метод заполнения листа  FillingInList
2023-01-17 18:06:14 MECHSEWING DEBUG OrdersDAO FillingInList - Выполняем метод заполнения листа  FillingInList
2023-01-17 18:06:14 MECHSEWING DEBUG OrdersDAO FillingInList - Выполняем метод заполнения листа  FillingInList
2023-01-17 18:06:14 MECHSEWING DEBUG OrdersDAO FillingInList - Выполняем метод заполнения листа  FillingInList
2023-01-17 18:06:14 MECHSEWING DEBUG OrdersDAO showListOfOrders - Возвращаем заполненный лист ордеров ->
 -> ListOrder{orderData=[OrderFX{id=IntegerProperty [value: 5], number_order=StringProperty [value: 322-1209-0819], order_description=StringProperty [value: Подшипники 6303], user=StringProperty [value: Евгений Друк], order_date=StringProperty [value: 09.12.2022]}, OrderFX{id=IntegerProperty [value: 36], number_order=StringProperty [value: 1234], order_description=StringProperty [value: Заказ куллеров], user=StringProperty [value: Кирилл Бриги], order_date=StringProperty [value: 30.12.2022]}, OrderFX{id=IntegerProperty [value: 37], number_order=StringProperty [value: 1234], order_description=StringProperty [value: Заказ Куллеров], user=StringProperty [value: Кирилл Бриги], order_date=StringProperty [value: 30.12.2022]}, OrderFX{id=IntegerProperty [value: 51], number_order=StringProperty [value: №227-122022], order_description=StringProperty [value: Молотки], user=StringProperty [value: Александр Новоставский], order_date=StringProperty [value: 12.01.2023]}, OrderFX{id=IntegerProperty [value: 52], number_order=StringProperty [value: №210-122022], order_description=StringProperty [value: Заявка камни], user=StringProperty [value: Сергей Сокол], order_date=StringProperty [value: 12.01.2023]}, OrderFX{id=IntegerProperty [value: 53], number_order=StringProperty [value: №213-122022], order_description=StringProperty [value: Заявка подшипники], user=StringProperty [value: Сергей Сокол], order_date=StringProperty [value: 12.01.2023]}, OrderFX{id=IntegerProperty [value: 54], number_order=StringProperty [value: №215-122022], order_description=StringProperty [value: Синтепон подшипники], user=StringProperty [value: Владислав Баечко], order_date=StringProperty [value: 12.01.2023]}, OrderFX{id=IntegerProperty [value: 55], number_order=StringProperty [value: №217-122022], order_description=StringProperty [value: Заявка расходники], user=StringProperty [value: Сергей Сокол], order_date=StringProperty [value: 12.01.2023]}, OrderFX{id=IntegerProperty [value: 56], number_order=StringProperty [value: №225-122022], order_description=StringProperty [value: Заявка синтепон ремень], user=StringProperty [value: Евгений Друк], order_date=StringProperty [value: 12.01.2023]}, OrderFX{id=IntegerProperty [value: 58], number_order=StringProperty [value: №232-012023], order_description=StringProperty [value: Заявка синтепон разное], user=StringProperty [value: Владислав Баечко], order_date=StringProperty [value: 12.01.2023]}, OrderFX{id=IntegerProperty [value: 59], number_order=StringProperty [value: №244-012023], order_description=StringProperty [value: Заявка инструмент], user=StringProperty [value: Сергей Сокол], order_date=StringProperty [value: 12.01.2023]}, OrderFX{id=IntegerProperty [value: 60], number_order=StringProperty [value: 245-012023], order_description=StringProperty [value: манометры ], user=StringProperty [value: Евгений Друк], order_date=StringProperty [value: 13.01.2023]}]}
2023-01-17 18:06:32 MECHSEWING INFO  Main main - Происходит загрузка программы
2023-01-17 18:06:33 MECHSEWING DEBUG OrdersDAO showListOfOrders - Отправляем запрос в БД ->
 -> SELECT * FROM orders  LEFT JOIN users ON (orders.user_id=users.id_users)
2023-01-17 18:06:33 MECHSEWING DEBUG OrdersDAO showListOfOrders - Перебираем полученные данные из БД
2023-01-17 18:06:33 MECHSEWING DEBUG OrdersDAO FillingInList - Выполняем метод заполнения листа  FillingInList
2023-01-17 18:06:33 MECHSEWING DEBUG OrdersDAO FillingInList - Выполняем метод заполнения листа  FillingInList
2023-01-17 18:06:33 MECHSEWING DEBUG OrdersDAO FillingInList - Выполняем метод заполнения листа  FillingInList
2023-01-17 18:06:33 MECHSEWING DEBUG OrdersDAO FillingInList - Выполняем метод заполнения листа  FillingInList
2023-01-17 18:06:33 MECHSEWING DEBUG OrdersDAO FillingInList - Выполняем метод заполнения листа  FillingInList
2023-01-17 18:06:33 MECHSEWING DEBUG OrdersDAO FillingInList - Выполняем метод заполнения листа  FillingInList
2023-01-17 18:06:33 MECHSEWING DEBUG OrdersDAO FillingInList - Выполняем метод заполнения листа  FillingInList
2023-01-17 18:06:33 MECHSEWING DEBUG OrdersDAO FillingInList - Выполняем метод заполнения листа  FillingInList
2023-01-17 18:06:33 MECHSEWING DEBUG OrdersDAO FillingInList - Выполняем метод заполнения листа  FillingInList
2023-01-17 18:06:33 MECHSEWING DEBUG OrdersDAO FillingInList - Выполняем метод заполнения листа  FillingInList
2023-01-17 18:06:33 MECHSEWING DEBUG OrdersDAO FillingInList - Выполняем метод заполнения листа  FillingInList
2023-01-17 18:06:33 MECHSEWING DEBUG OrdersDAO FillingInList - Выполняем метод заполнения листа  FillingInList
2023-01-17 18:06:33 MECHSEWING DEBUG OrdersDAO showListOfOrders - Возвращаем заполненный лист ордеров ->
 -> ListOrder{orderData=[OrderFX{id=IntegerProperty [value: 5], number_order=StringProperty [value: 322-1209-0819], order_description=StringProperty [value: Подшипники 6303], user=StringProperty [value: Евгений Друк], order_date=StringProperty [value: 09.12.2022]}, OrderFX{id=IntegerProperty [value: 36], number_order=StringProperty [value: 1234], order_description=StringProperty [value: Заказ куллеров], user=StringProperty [value: Кирилл Бриги], order_date=StringProperty [value: 30.12.2022]}, OrderFX{id=IntegerProperty [value: 37], number_order=StringProperty [value: 1234], order_description=StringProperty [value: Заказ Куллеров], user=StringProperty [value: Кирилл Бриги], order_date=StringProperty [value: 30.12.2022]}, OrderFX{id=IntegerProperty [value: 51], number_order=StringProperty [value: №227-122022], order_description=StringProperty [value: Молотки], user=StringProperty [value: Александр Новоставский], order_date=StringProperty [value: 12.01.2023]}, OrderFX{id=IntegerProperty [value: 52], number_order=StringProperty [value: №210-122022], order_description=StringProperty [value: Заявка камни], user=StringProperty [value: Сергей Сокол], order_date=StringProperty [value: 12.01.2023]}, OrderFX{id=IntegerProperty [value: 53], number_order=StringProperty [value: №213-122022], order_description=StringProperty [value: Заявка подшипники], user=StringProperty [value: Сергей Сокол], order_date=StringProperty [value: 12.01.2023]}, OrderFX{id=IntegerProperty [value: 54], number_order=StringProperty [value: №215-122022], order_description=StringProperty [value: Синтепон подшипники], user=StringProperty [value: Владислав Баечко], order_date=StringProperty [value: 12.01.2023]}, OrderFX{id=IntegerProperty [value: 55], number_order=StringProperty [value: №217-122022], order_description=StringProperty [value: Заявка расходники], user=StringProperty [value: Сергей Сокол], order_date=StringProperty [value: 12.01.2023]}, OrderFX{id=IntegerProperty [value: 56], number_order=StringProperty [value: №225-122022], order_description=StringProperty [value: Заявка синтепон ремень], user=StringProperty [value: Евгений Друк], order_date=StringProperty [value: 12.01.2023]}, OrderFX{id=IntegerProperty [value: 58], number_order=StringProperty [value: №232-012023], order_description=StringProperty [value: Заявка синтепон разное], user=StringProperty [value: Владислав Баечко], order_date=StringProperty [value: 12.01.2023]}, OrderFX{id=IntegerProperty [value: 59], number_order=StringProperty [value: №244-012023], order_description=StringProperty [value: Заявка инструмент], user=StringProperty [value: Сергей Сокол], order_date=StringProperty [value: 12.01.2023]}, OrderFX{id=IntegerProperty [value: 60], number_order=StringProperty [value: 245-012023], order_description=StringProperty [value: манометры ], user=StringProperty [value: Евгений Друк], order_date=StringProperty [value: 13.01.2023]}]}
2023-01-17 18:09:18 MECHSEWING INFO  Main main - Происходит загрузка программы
2023-01-17 18:09:19 MECHSEWING DEBUG OrdersDAO showListOfOrders - Отправляем запрос в БД ->
 -> SELECT * FROM orders  LEFT JOIN users ON (orders.user_id=users.id_users)
2023-01-17 18:09:19 MECHSEWING DEBUG OrdersDAO showListOfOrders - Перебираем полученные данные из БД
2023-01-17 18:09:19 MECHSEWING DEBUG OrdersDAO FillingInList - Выполняем метод заполнения листа  FillingInList
2023-01-17 18:09:19 MECHSEWING DEBUG OrdersDAO FillingInList - Выполняем метод заполнения листа  FillingInList
2023-01-17 18:09:19 MECHSEWING DEBUG OrdersDAO FillingInList - Выполняем метод заполнения листа  FillingInList
2023-01-17 18:09:19 MECHSEWING DEBUG OrdersDAO FillingInList - Выполняем метод заполнения листа  FillingInList
2023-01-17 18:09:19 MECHSEWING DEBUG OrdersDAO FillingInList - Выполняем метод заполнения листа  FillingInList
2023-01-17 18:09:19 MECHSEWING DEBUG OrdersDAO FillingInList - Выполняем метод заполнения листа  FillingInList
2023-01-17 18:09:19 MECHSEWING DEBUG OrdersDAO FillingInList - Выполняем метод заполнения листа  FillingInList
2023-01-17 18:09:19 MECHSEWING DEBUG OrdersDAO FillingInList - Выполняем метод заполнения листа  FillingInList
2023-01-17 18:09:19 MECHSEWING DEBUG OrdersDAO FillingInList - Выполняем метод заполнения листа  FillingInList
2023-01-17 18:09:19 MECHSEWING DEBUG OrdersDAO FillingInList - Выполняем метод заполнения листа  FillingInList
2023-01-17 18:09:19 MECHSEWING DEBUG OrdersDAO FillingInList - Выполняем метод заполнения листа  FillingInList
2023-01-17 18:09:19 MECHSEWING DEBUG OrdersDAO FillingInList - Выполняем метод заполнения листа  FillingInList
2023-01-17 18:09:19 MECHSEWING DEBUG OrdersDAO showListOfOrders - Возвращаем заполненный лист ордеров ->
 -> ListOrder{orderData=[OrderFX{id=IntegerProperty [value: 5], number_order=StringProperty [value: 322-1209-0819], order_description=StringProperty [value: Подшипники 6303], user=StringProperty [value: Евгений Друк], order_date=StringProperty [value: 09.12.2022]}, OrderFX{id=IntegerProperty [value: 36], number_order=StringProperty [value: 1234], order_description=StringProperty [value: Заказ куллеров], user=StringProperty [value: Кирилл Бриги], order_date=StringProperty [value: 30.12.2022]}, OrderFX{id=IntegerProperty [value: 37], number_order=StringProperty [value: 1234], order_description=StringProperty [value: Заказ Куллеров], user=StringProperty [value: Кирилл Бриги], order_date=StringProperty [value: 30.12.2022]}, OrderFX{id=IntegerProperty [value: 51], number_order=StringProperty [value: №227-122022], order_description=StringProperty [value: Молотки], user=StringProperty [value: Александр Новоставский], order_date=StringProperty [value: 12.01.2023]}, OrderFX{id=IntegerProperty [value: 52], number_order=StringProperty [value: №210-122022], order_description=StringProperty [value: Заявка камни], user=StringProperty [value: Сергей Сокол], order_date=StringProperty [value: 12.01.2023]}, OrderFX{id=IntegerProperty [value: 53], number_order=StringProperty [value: №213-122022], order_description=StringProperty [value: Заявка подшипники], user=StringProperty [value: Сергей Сокол], order_date=StringProperty [value: 12.01.2023]}, OrderFX{id=IntegerProperty [value: 54], number_order=StringProperty [value: №215-122022], order_description=StringProperty [value: Синтепон подшипники], user=StringProperty [value: Владислав Баечко], order_date=StringProperty [value: 12.01.2023]}, OrderFX{id=IntegerProperty [value: 55], number_order=StringProperty [value: №217-122022], order_description=StringProperty [value: Заявка расходники], user=StringProperty [value: Сергей Сокол], order_date=StringProperty [value: 12.01.2023]}, OrderFX{id=IntegerProperty [value: 56], number_order=StringProperty [value: №225-122022], order_description=StringProperty [value: Заявка синтепон ремень], user=StringProperty [value: Евгений Друк], order_date=StringProperty [value: 12.01.2023]}, OrderFX{id=IntegerProperty [value: 58], number_order=StringProperty [value: №232-012023], order_description=StringProperty [value: Заявка синтепон разное], user=StringProperty [value: Владислав Баечко], order_date=StringProperty [value: 12.01.2023]}, OrderFX{id=IntegerProperty [value: 59], number_order=StringProperty [value: №244-012023], order_description=StringProperty [value: Заявка инструмент], user=StringProperty [value: Сергей Сокол], order_date=StringProperty [value: 12.01.2023]}, OrderFX{id=IntegerProperty [value: 60], number_order=StringProperty [value: 245-012023], order_description=StringProperty [value: манометры ], user=StringProperty [value: Евгений Друк], order_date=StringProperty [value: 13.01.2023]}]}
2023-01-17 18:10:08 MECHSEWING INFO  Main main - Происходит загрузка программы
2023-01-17 18:10:09 MECHSEWING DEBUG OrdersDAO showListOfOrders - Отправляем запрос в БД ->
 -> SELECT * FROM orders  LEFT JOIN users ON (orders.user_id=users.id_users)
2023-01-17 18:10:09 MECHSEWING DEBUG OrdersDAO showListOfOrders - Перебираем полученные данные из БД
2023-01-17 18:10:09 MECHSEWING DEBUG OrdersDAO FillingInList - Выполняем метод заполнения листа  FillingInList
2023-01-17 18:10:09 MECHSEWING DEBUG OrdersDAO FillingInList - Выполняем метод заполнения листа  FillingInList
2023-01-17 18:10:09 MECHSEWING DEBUG OrdersDAO FillingInList - Выполняем метод заполнения листа  FillingInList
2023-01-17 18:10:09 MECHSEWING DEBUG OrdersDAO FillingInList - Выполняем метод заполнения листа  FillingInList
2023-01-17 18:10:09 MECHSEWING DEBUG OrdersDAO FillingInList - Выполняем метод заполнения листа  FillingInList
2023-01-17 18:10:09 MECHSEWING DEBUG OrdersDAO FillingInList - Выполняем метод заполнения листа  FillingInList
2023-01-17 18:10:09 MECHSEWING DEBUG OrdersDAO FillingInList - Выполняем метод заполнения листа  FillingInList
2023-01-17 18:10:09 MECHSEWING DEBUG OrdersDAO FillingInList - Выполняем метод заполнения листа  FillingInList
2023-01-17 18:10:09 MECHSEWING DEBUG OrdersDAO FillingInList - Выполняем метод заполнения листа  FillingInList
2023-01-17 18:10:09 MECHSEWING DEBUG OrdersDAO FillingInList - Выполняем метод заполнения листа  FillingInList
2023-01-17 18:10:09 MECHSEWING DEBUG OrdersDAO FillingInList - Выполняем метод заполнения листа  FillingInList
2023-01-17 18:10:09 MECHSEWING DEBUG OrdersDAO FillingInList - Выполняем метод заполнения листа  FillingInList
2023-01-17 18:10:09 MECHSEWING DEBUG OrdersDAO showListOfOrders - Возвращаем заполненный лист ордеров ->
 -> ListOrder{orderData=[OrderFX{id=IntegerProperty [value: 5], number_order=StringProperty [value: 322-1209-0819], order_description=StringProperty [value: Подшипники 6303], user=StringProperty [value: Евгений Друк], order_date=StringProperty [value: 09.12.2022]}, OrderFX{id=IntegerProperty [value: 36], number_order=StringProperty [value: 1234], order_description=StringProperty [value: Заказ куллеров], user=StringProperty [value: Кирилл Бриги], order_date=StringProperty [value: 30.12.2022]}, OrderFX{id=IntegerProperty [value: 37], number_order=StringProperty [value: 1234], order_description=StringProperty [value: Заказ Куллеров], user=StringProperty [value: Кирилл Бриги], order_date=StringProperty [value: 30.12.2022]}, OrderFX{id=IntegerProperty [value: 51], number_order=StringProperty [value: №227-122022], order_description=StringProperty [value: Молотки], user=StringProperty [value: Александр Новоставский], order_date=StringProperty [value: 12.01.2023]}, OrderFX{id=IntegerProperty [value: 52], number_order=StringProperty [value: №210-122022], order_description=StringProperty [value: Заявка камни], user=StringProperty [value: Сергей Сокол], order_date=StringProperty [value: 12.01.2023]}, OrderFX{id=IntegerProperty [value: 53], number_order=StringProperty [value: №213-122022], order_description=StringProperty [value: Заявка подшипники], user=StringProperty [value: Сергей Сокол], order_date=StringProperty [value: 12.01.2023]}, OrderFX{id=IntegerProperty [value: 54], number_order=StringProperty [value: №215-122022], order_description=StringProperty [value: Синтепон подшипники], user=StringProperty [value: Владислав Баечко], order_date=StringProperty [value: 12.01.2023]}, OrderFX{id=IntegerProperty [value: 55], number_order=StringProperty [value: №217-122022], order_description=StringProperty [value: Заявка расходники], user=StringProperty [value: Сергей Сокол], order_date=StringProperty [value: 12.01.2023]}, OrderFX{id=IntegerProperty [value: 56], number_order=StringProperty [value: №225-122022], order_description=StringProperty [value: Заявка синтепон ремень], user=StringProperty [value: Евгений Друк], order_date=StringProperty [value: 12.01.2023]}, OrderFX{id=IntegerProperty [value: 58], number_order=StringProperty [value: №232-012023], order_description=StringProperty [value: Заявка синтепон разное], user=StringProperty [value: Владислав Баечко], order_date=StringProperty [value: 12.01.2023]}, OrderFX{id=IntegerProperty [value: 59], number_order=StringProperty [value: №244-012023], order_description=StringProperty [value: Заявка инструмент], user=StringProperty [value: Сергей Сокол], order_date=StringProperty [value: 12.01.2023]}, OrderFX{id=IntegerProperty [value: 60], number_order=StringProperty [value: 245-012023], order_description=StringProperty [value: манометры ], user=StringProperty [value: Евгений Друк], order_date=StringProperty [value: 13.01.2023]}]}
2023-01-17 19:07:48 MECHSEWING INFO  Main main - Происходит загрузка программы
2023-01-17 19:07:52 MECHSEWING DEBUG OrdersDAO showListOfOrders - Отправляем запрос в БД ->
 -> SELECT * FROM orders  LEFT JOIN users ON (orders.user_id=users.id_users)
2023-01-17 19:07:52 MECHSEWING DEBUG OrdersDAO showListOfOrders - Перебираем полученные данные из БД
2023-01-17 19:07:52 MECHSEWING DEBUG OrdersDAO FillingInList - Выполняем метод заполнения листа  FillingInList
2023-01-17 19:07:52 MECHSEWING DEBUG OrdersDAO FillingInList - Выполняем метод заполнения листа  FillingInList
2023-01-17 19:07:52 MECHSEWING DEBUG OrdersDAO FillingInList - Выполняем метод заполнения листа  FillingInList
2023-01-17 19:07:52 MECHSEWING DEBUG OrdersDAO FillingInList - Выполняем метод заполнения листа  FillingInList
2023-01-17 19:07:52 MECHSEWING DEBUG OrdersDAO FillingInList - Выполняем метод заполнения листа  FillingInList
2023-01-17 19:07:52 MECHSEWING DEBUG OrdersDAO FillingInList - Выполняем метод заполнения листа  FillingInList
2023-01-17 19:07:52 MECHSEWING DEBUG OrdersDAO FillingInList - Выполняем метод заполнения листа  FillingInList
2023-01-17 19:07:52 MECHSEWING DEBUG OrdersDAO FillingInList - Выполняем метод заполнения листа  FillingInList
2023-01-17 19:07:52 MECHSEWING DEBUG OrdersDAO FillingInList - Выполняем метод заполнения листа  FillingInList
2023-01-17 19:07:52 MECHSEWING DEBUG OrdersDAO FillingInList - Выполняем метод заполнения листа  FillingInList
2023-01-17 19:07:52 MECHSEWING DEBUG OrdersDAO FillingInList - Выполняем метод заполнения листа  FillingInList
2023-01-17 19:07:52 MECHSEWING DEBUG OrdersDAO FillingInList - Выполняем метод заполнения листа  FillingInList
2023-01-17 19:07:52 MECHSEWING DEBUG OrdersDAO showListOfOrders - Возвращаем заполненный лист ордеров ->
 -> ListOrder{orderData=[OrderFX{id=IntegerProperty [value: 5], number_order=StringProperty [value: 322-1209-0819], order_description=StringProperty [value: Подшипники 6303], user=StringProperty [value: Евгений Друк], order_date=StringProperty [value: 09.12.2022]}, OrderFX{id=IntegerProperty [value: 36], number_order=StringProperty [value: 1234], order_description=StringProperty [value: Заказ куллеров], user=StringProperty [value: Кирилл Бриги], order_date=StringProperty [value: 30.12.2022]}, OrderFX{id=IntegerProperty [value: 37], number_order=StringProperty [value: 1234], order_description=StringProperty [value: Заказ Куллеров], user=StringProperty [value: Кирилл Бриги], order_date=StringProperty [value: 30.12.2022]}, OrderFX{id=IntegerProperty [value: 51], number_order=StringProperty [value: №227-122022], order_description=StringProperty [value: Молотки], user=StringProperty [value: Александр Новоставский], order_date=StringProperty [value: 12.01.2023]}, OrderFX{id=IntegerProperty [value: 52], number_order=StringProperty [value: №210-122022], order_description=StringProperty [value: Заявка камни], user=StringProperty [value: Сергей Сокол], order_date=StringProperty [value: 12.01.2023]}, OrderFX{id=IntegerProperty [value: 53], number_order=StringProperty [value: №213-122022], order_description=StringProperty [value: Заявка подшипники], user=StringProperty [value: Сергей Сокол], order_date=StringProperty [value: 12.01.2023]}, OrderFX{id=IntegerProperty [value: 54], number_order=StringProperty [value: №215-122022], order_description=StringProperty [value: Синтепон подшипники], user=StringProperty [value: Владислав Баечко], order_date=StringProperty [value: 12.01.2023]}, OrderFX{id=IntegerProperty [value: 55], number_order=StringProperty [value: №217-122022], order_description=StringProperty [value: Заявка расходники], user=StringProperty [value: Сергей Сокол], order_date=StringProperty [value: 12.01.2023]}, OrderFX{id=IntegerProperty [value: 56], number_order=StringProperty [value: №225-122022], order_description=StringProperty [value: Заявка синтепон ремень], user=StringProperty [value: Евгений Друк], order_date=StringProperty [value: 12.01.2023]}, OrderFX{id=IntegerProperty [value: 58], number_order=StringProperty [value: №232-012023], order_description=StringProperty [value: Заявка синтепон разное], user=StringProperty [value: Владислав Баечко], order_date=StringProperty [value: 12.01.2023]}, OrderFX{id=IntegerProperty [value: 59], number_order=StringProperty [value: №244-012023], order_description=StringProperty [value: Заявка инструмент], user=StringProperty [value: Сергей Сокол], order_date=StringProperty [value: 12.01.2023]}, OrderFX{id=IntegerProperty [value: 60], number_order=StringProperty [value: 245-012023], order_description=StringProperty [value: манометры ], user=StringProperty [value: Евгений Друк], order_date=StringProperty [value: 13.01.2023]}]}
2023-01-17 19:09:12 MECHSEWING INFO  Main main - Происходит загрузка программы
2023-01-17 19:09:16 MECHSEWING DEBUG AuthorizationController SingIn_ButSingIn - Нажатие кнопки войти
2023-01-17 19:09:16 MECHSEWING DEBUG AuthorizationDAO CheckUsers - Начало проверки авторизации пользователя
 отправка запроса в БД -> 
->SELECT authentication.login, authentication.password FROM authentication
2023-01-17 19:09:16 MECHSEWING DEBUG DatabaseConnection getDatabaseConnection - Подключение к БД
2023-01-17 19:09:17 MECHSEWING DEBUG AuthorizationDAO CheckUsers - Перебираем полученные данные и БД
2023-01-17 19:09:17 MECHSEWING DEBUG AuthorizationDAO CheckUsers - Найдено совпадение с пользователемLogin: a; Password: a;
2023-01-17 19:09:17 MECHSEWING DEBUG UserDAO getAuthentication - Отправляем запрос в БД ->
 -> SELECT * FROM authentication WHERE login = ? AND password = ?
2023-01-17 19:09:17 MECHSEWING DEBUG DatabaseConnection getDatabaseConnection - Подключение к БД
2023-01-17 19:09:17 MECHSEWING DEBUG UserDAO getAuthentication - Получение данных из БД
2023-01-17 19:09:17 MECHSEWING DEBUG UserDAO getAuthentication - Запись данных из БД в объект Authentication ->
-> skladRTO.api.models.Authentication@2747f743
2023-01-17 19:09:17 MECHSEWING DEBUG UserDAO getAuthentication - Возвращаем полученный объект типа Authentication -> skladRTO.api.models.Authentication@2747f743
2023-01-17 19:09:17 MECHSEWING DEBUG AuthorizationDAO CheckUsers - Заполняем аутент. данные пользователя -> auth: skladRTO.api.models.Authentication@2747f743
2023-01-17 19:09:17 MECHSEWING DEBUG UserDAO getStatusUser - Отправляем запрос в БД ->
 -> SELECT * FROM sklad.status_user WHERE status_user.id = ?;
2023-01-17 19:09:17 MECHSEWING DEBUG DatabaseConnection getDatabaseConnection - Подключение к БД
2023-01-17 19:09:17 MECHSEWING DEBUG UserDAO getStatusUser - Получение данных из БД
2023-01-17 19:09:17 MECHSEWING DEBUG UserDAO getStatusUser - Запись данных из БД в объект User ->
-> Администратор
2023-01-17 19:09:17 MECHSEWING DEBUG UserDAO getStatusUser - Возвращаем полученный объект типа StatusUser -> Администратор
2023-01-17 19:09:17 MECHSEWING DEBUG AuthorizationDAO CheckUsers - Заполняем статус данные пользователя -> status: Администратор
2023-01-17 19:09:17 MECHSEWING DEBUG UserDAO getUser - Отправляем запрос в БД ->
 -> SELECT * FROM sklad.users WHERE users.id_users = ?;
2023-01-17 19:09:17 MECHSEWING DEBUG UserDAO getUser - Где users.authentication_id =  4
2023-01-17 19:09:17 MECHSEWING DEBUG DatabaseConnection getDatabaseConnection - Подключение к БД
2023-01-17 19:09:17 MECHSEWING DEBUG UserDAO getUser - Получение данных из БД
2023-01-17 19:09:17 MECHSEWING DEBUG UserDAO getUser - Запись данных из БД в объект User ->
-> Админ Админ
2023-01-17 19:09:17 MECHSEWING DEBUG UserDAO getUser - Возвращаем полученный объект типа User -> Админ Админ
2023-01-17 19:09:17 MECHSEWING DEBUG AuthorizationDAO CheckUsers - Заполняем Юзер данные пользователя -> user: Админ Админ
2023-01-17 19:09:17 MECHSEWING DEBUG ProductDAO getProductStatus - Отправляем запрос в БД ->
 -> SELECT * FROM order_status
2023-01-17 19:09:17 MECHSEWING DEBUG DatabaseConnection getDatabaseConnection - Подключение к БД
2023-01-17 19:09:17 MECHSEWING DEBUG ProductDAO getProductStatus - Перебираем полученные данные из БД
2023-01-17 19:09:17 MECHSEWING DEBUG OrdersDAO showListOfOrders - Отправляем запрос в БД ->
 -> SELECT * FROM orders  LEFT JOIN users ON (orders.user_id=users.id_users)
2023-01-17 19:09:17 MECHSEWING DEBUG OrdersDAO showListOfOrders - Перебираем полученные данные из БД
2023-01-17 19:09:17 MECHSEWING DEBUG OrdersDAO FillingInList - Выполняем метод заполнения листа  FillingInList
2023-01-17 19:09:17 MECHSEWING DEBUG OrdersDAO FillingInList - Выполняем метод заполнения листа  FillingInList
2023-01-17 19:09:17 MECHSEWING DEBUG OrdersDAO FillingInList - Выполняем метод заполнения листа  FillingInList
2023-01-17 19:09:17 MECHSEWING DEBUG OrdersDAO FillingInList - Выполняем метод заполнения листа  FillingInList
2023-01-17 19:09:17 MECHSEWING DEBUG OrdersDAO FillingInList - Выполняем метод заполнения листа  FillingInList
2023-01-17 19:09:17 MECHSEWING DEBUG OrdersDAO FillingInList - Выполняем метод заполнения листа  FillingInList
2023-01-17 19:09:17 MECHSEWING DEBUG OrdersDAO FillingInList - Выполняем метод заполнения листа  FillingInList
2023-01-17 19:09:17 MECHSEWING DEBUG OrdersDAO FillingInList - Выполняем метод заполнения листа  FillingInList
2023-01-17 19:09:17 MECHSEWING DEBUG OrdersDAO FillingInList - Выполняем метод заполнения листа  FillingInList
2023-01-17 19:09:17 MECHSEWING DEBUG OrdersDAO FillingInList - Выполняем метод заполнения листа  FillingInList
2023-01-17 19:09:17 MECHSEWING DEBUG OrdersDAO FillingInList - Выполняем метод заполнения листа  FillingInList
2023-01-17 19:09:17 MECHSEWING DEBUG OrdersDAO FillingInList - Выполняем метод заполнения листа  FillingInList
2023-01-17 19:09:17 MECHSEWING DEBUG OrdersDAO showListOfOrders - Возвращаем заполненный лист ордеров ->
 -> ListOrder{orderData=[OrderFX{id=IntegerProperty [value: 5], number_order=StringProperty [value: 322-1209-0819], order_description=StringProperty [value: Подшипники 6303], user=StringProperty [value: Евгений Друк], order_date=StringProperty [value: 09.12.2022]}, OrderFX{id=IntegerProperty [value: 36], number_order=StringProperty [value: 1234], order_description=StringProperty [value: Заказ куллеров], user=StringProperty [value: Кирилл Бриги], order_date=StringProperty [value: 30.12.2022]}, OrderFX{id=IntegerProperty [value: 37], number_order=StringProperty [value: 1234], order_description=StringProperty [value: Заказ Куллеров], user=StringProperty [value: Кирилл Бриги], order_date=StringProperty [value: 30.12.2022]}, OrderFX{id=IntegerProperty [value: 51], number_order=StringProperty [value: №227-122022], order_description=StringProperty [value: Молотки], user=StringProperty [value: Александр Новоставский], order_date=StringProperty [value: 12.01.2023]}, OrderFX{id=IntegerProperty [value: 52], number_order=StringProperty [value: №210-122022], order_description=StringProperty [value: Заявка камни], user=StringProperty [value: Сергей Сокол], order_date=StringProperty [value: 12.01.2023]}, OrderFX{id=IntegerProperty [value: 53], number_order=StringProperty [value: №213-122022], order_description=StringProperty [value: Заявка подшипники], user=StringProperty [value: Сергей Сокол], order_date=StringProperty [value: 12.01.2023]}, OrderFX{id=IntegerProperty [value: 54], number_order=StringProperty [value: №215-122022], order_description=StringProperty [value: Синтепон подшипники], user=StringProperty [value: Владислав Баечко], order_date=StringProperty [value: 12.01.2023]}, OrderFX{id=IntegerProperty [value: 55], number_order=StringProperty [value: №217-122022], order_description=StringProperty [value: Заявка расходники], user=StringProperty [value: Сергей Сокол], order_date=StringProperty [value: 12.01.2023]}, OrderFX{id=IntegerProperty [value: 56], number_order=StringProperty [value: №225-122022], order_description=StringProperty [value: Заявка синтепон ремень], user=StringProperty [value: Евгений Друк], order_date=StringProperty [value: 12.01.2023]}, OrderFX{id=IntegerProperty [value: 58], number_order=StringProperty [value: №232-012023], order_description=StringProperty [value: Заявка синтепон разное], user=StringProperty [value: Владислав Баечко], order_date=StringProperty [value: 12.01.2023]}, OrderFX{id=IntegerProperty [value: 59], number_order=StringProperty [value: №244-012023], order_description=StringProperty [value: Заявка инструмент], user=StringProperty [value: Сергей Сокол], order_date=StringProperty [value: 12.01.2023]}, OrderFX{id=IntegerProperty [value: 60], number_order=StringProperty [value: 245-012023], order_description=StringProperty [value: манометры ], user=StringProperty [value: Евгений Друк], order_date=StringProperty [value: 13.01.2023]}]}
2023-01-17 19:09:35 MECHSEWING DEBUG UserDAO showListOfUsers - Отправляем запрос в БД ->
 -> SELECT users.id_users, users.first_name, users.last_name, authentication.login, authentication.password, authentication.email, status_user.status FROM users  LEFT JOIN authentication ON (users.authentication_id=authentication.id)  LEFT JOIN status_user ON (authentication.status_user_id=status_user.id);
2023-01-17 19:09:35 MECHSEWING DEBUG DatabaseConnection getDatabaseConnection - Подключение к БД
2023-01-17 19:09:35 MECHSEWING DEBUG UserDAO showListOfUsers - Перебираем полученные данные из БД
2023-01-17 19:09:35 MECHSEWING DEBUG UserDAO showListOfUsers - Записываем данные из БД в объект типа UserListFX
2023-01-17 19:09:35 MECHSEWING DEBUG UserDAO showListOfUsers - Записываем данные из БД в объект типа UserListFX
2023-01-17 19:09:35 MECHSEWING DEBUG UserDAO showListOfUsers - Записываем данные из БД в объект типа UserListFX
2023-01-17 19:09:35 MECHSEWING DEBUG UserDAO showListOfUsers - Записываем данные из БД в объект типа UserListFX
2023-01-17 19:09:35 MECHSEWING DEBUG UserDAO showListOfUsers - Записываем данные из БД в объект типа UserListFX
2023-01-17 19:09:35 MECHSEWING DEBUG UserDAO showListOfUsers - Записываем данные из БД в объект типа UserListFX
2023-01-17 19:09:35 MECHSEWING DEBUG UserDAO showListOfUsers - Возвращаем заполненный лист юзеров ->
 -> ListUser{usersData=[User{id=IntegerProperty [value: 1], login=StringProperty [value: KIBAB], password=StringProperty [value: brigikib], firstName=StringProperty [value: Кирилл], secondName=StringProperty [value: Бриги], status=StringProperty [value: Администратор], email=StringProperty [value: kirillbrigi177@gmail.com]}, User{id=IntegerProperty [value: 2], login=StringProperty [value: Nova], password=StringProperty [value: nova], firstName=StringProperty [value: Александр], secondName=StringProperty [value: Новоставский], status=StringProperty [value: Администратор], email=StringProperty [value: aleksandr.novostavskii@delkom40.by]}, User{id=IntegerProperty [value: 3], login=StringProperty [value: Druk], password=StringProperty [value: evgen], firstName=StringProperty [value: Евгений], secondName=StringProperty [value: Друк], status=StringProperty [value: Администратор], email=StringProperty [value: evgenij.druk@delkom40.by]}, User{id=IntegerProperty [value: 4], login=StringProperty [value: a], password=StringProperty [value: a], firstName=StringProperty [value: Админ], secondName=StringProperty [value: Админ], status=StringProperty [value: Администратор], email=StringProperty [value: none]}, User{id=IntegerProperty [value: 5], login=StringProperty [value: Sokol], password=StringProperty [value: Sokol], firstName=StringProperty [value: Сергей], secondName=StringProperty [value: Сокол], status=StringProperty [value: Пользователь], email=StringProperty [value: ]}, User{id=IntegerProperty [value: 8], login=StringProperty [value: Vlad], password=StringProperty [value: marmelad], firstName=StringProperty [value: Владислав], secondName=StringProperty [value: Баечко], status=StringProperty [value: Модератор], email=StringProperty [value: ]}]}
2023-01-17 19:09:46 MECHSEWING DEBUG OrdersDAO showListOfOrders - Отправляем запрос в БД ->
 -> SELECT * FROM orders  LEFT JOIN users ON (orders.user_id=users.id_users)
2023-01-17 19:09:46 MECHSEWING DEBUG OrdersDAO showListOfOrders - Перебираем полученные данные из БД
2023-01-17 19:09:46 MECHSEWING DEBUG OrdersDAO FillingInList - Выполняем метод заполнения листа  FillingInList
2023-01-17 19:09:46 MECHSEWING DEBUG OrdersDAO FillingInList - Выполняем метод заполнения листа  FillingInList
2023-01-17 19:09:46 MECHSEWING DEBUG OrdersDAO FillingInList - Выполняем метод заполнения листа  FillingInList
2023-01-17 19:09:46 MECHSEWING DEBUG OrdersDAO FillingInList - Выполняем метод заполнения листа  FillingInList
2023-01-17 19:09:46 MECHSEWING DEBUG OrdersDAO FillingInList - Выполняем метод заполнения листа  FillingInList
2023-01-17 19:09:46 MECHSEWING DEBUG OrdersDAO FillingInList - Выполняем метод заполнения листа  FillingInList
2023-01-17 19:09:46 MECHSEWING DEBUG OrdersDAO FillingInList - Выполняем метод заполнения листа  FillingInList
2023-01-17 19:09:46 MECHSEWING DEBUG OrdersDAO FillingInList - Выполняем метод заполнения листа  FillingInList
2023-01-17 19:09:46 MECHSEWING DEBUG OrdersDAO FillingInList - Выполняем метод заполнения листа  FillingInList
2023-01-17 19:09:46 MECHSEWING DEBUG OrdersDAO FillingInList - Выполняем метод заполнения листа  FillingInList
2023-01-17 19:09:46 MECHSEWING DEBUG OrdersDAO FillingInList - Выполняем метод заполнения листа  FillingInList
2023-01-17 19:09:46 MECHSEWING DEBUG OrdersDAO FillingInList - Выполняем метод заполнения листа  FillingInList
2023-01-17 19:09:46 MECHSEWING DEBUG OrdersDAO showListOfOrders - Возвращаем заполненный лист ордеров ->
 -> ListOrder{orderData=[OrderFX{id=IntegerProperty [value: 5], number_order=StringProperty [value: 322-1209-0819], order_description=StringProperty [value: Подшипники 6303], user=StringProperty [value: Евгений Друк], order_date=StringProperty [value: 09.12.2022]}, OrderFX{id=IntegerProperty [value: 36], number_order=StringProperty [value: 1234], order_description=StringProperty [value: Заказ куллеров], user=StringProperty [value: Кирилл Бриги], order_date=StringProperty [value: 30.12.2022]}, OrderFX{id=IntegerProperty [value: 37], number_order=StringProperty [value: 1234], order_description=StringProperty [value: Заказ Куллеров], user=StringProperty [value: Кирилл Бриги], order_date=StringProperty [value: 30.12.2022]}, OrderFX{id=IntegerProperty [value: 51], number_order=StringProperty [value: №227-122022], order_description=StringProperty [value: Молотки], user=StringProperty [value: Александр Новоставский], order_date=StringProperty [value: 12.01.2023]}, OrderFX{id=IntegerProperty [value: 52], number_order=StringProperty [value: №210-122022], order_description=StringProperty [value: Заявка камни], user=StringProperty [value: Сергей Сокол], order_date=StringProperty [value: 12.01.2023]}, OrderFX{id=IntegerProperty [value: 53], number_order=StringProperty [value: №213-122022], order_description=StringProperty [value: Заявка подшипники], user=StringProperty [value: Сергей Сокол], order_date=StringProperty [value: 12.01.2023]}, OrderFX{id=IntegerProperty [value: 54], number_order=StringProperty [value: №215-122022], order_description=StringProperty [value: Синтепон подшипники], user=StringProperty [value: Владислав Баечко], order_date=StringProperty [value: 12.01.2023]}, OrderFX{id=IntegerProperty [value: 55], number_order=StringProperty [value: №217-122022], order_description=StringProperty [value: Заявка расходники], user=StringProperty [value: Сергей Сокол], order_date=StringProperty [value: 12.01.2023]}, OrderFX{id=IntegerProperty [value: 56], number_order=StringProperty [value: №225-122022], order_description=StringProperty [value: Заявка синтепон ремень], user=StringProperty [value: Евгений Друк], order_date=StringProperty [value: 12.01.2023]}, OrderFX{id=IntegerProperty [value: 58], number_order=StringProperty [value: №232-012023], order_description=StringProperty [value: Заявка синтепон разное], user=StringProperty [value: Владислав Баечко], order_date=StringProperty [value: 12.01.2023]}, OrderFX{id=IntegerProperty [value: 59], number_order=StringProperty [value: №244-012023], order_description=StringProperty [value: Заявка инструмент], user=StringProperty [value: Сергей Сокол], order_date=StringProperty [value: 12.01.2023]}, OrderFX{id=IntegerProperty [value: 60], number_order=StringProperty [value: 245-012023], order_description=StringProperty [value: манометры ], user=StringProperty [value: Евгений Друк], order_date=StringProperty [value: 13.01.2023]}]}
