[DEBUG] 2022-12-14 13:50:53.727 [main] Main - This is a debug message
[INFO ] 2022-12-14 13:50:53.729 [main] Main - This is an info message
[WARN ] 2022-12-14 13:50:53.729 [main] Main - This is a warn message
[ERROR] 2022-12-14 13:50:53.729 [main] Main - This is an error message
[FATAL] 2022-12-14 13:50:53.729 [main] Main - This is a fatal message
[DEBUG] 2022-12-14 13:52:19.903 [main] Main - This is a debug message
[INFO ] 2022-12-14 13:52:19.906 [main] Main - This is an info message
[WARN ] 2022-12-14 13:52:19.906 [main] Main - This is a warn message
[ERROR] 2022-12-14 13:52:19.906 [main] Main - This is an error message
[FATAL] 2022-12-14 13:52:19.906 [main] Main - This is a fatal message
[DEBUG] 2022-12-14 13:52:38.938 [main] Main - This is a debug message
[INFO ] 2022-12-14 13:52:38.941 [main] Main - This is an info message
[WARN ] 2022-12-14 13:52:38.941 [main] Main - This is a warn message
[ERROR] 2022-12-14 13:52:38.941 [main] Main - This is an error message
[FATAL] 2022-12-14 13:52:38.941 [main] Main - This is a fatal message
[DEBUG] 2022-12-14 13:52:43.525 [main] Main - This is a debug message
[INFO ] 2022-12-14 13:52:43.527 [main] Main - This is an info message
[WARN ] 2022-12-14 13:52:43.527 [main] Main - This is a warn message
[ERROR] 2022-12-14 13:52:43.527 [main] Main - This is an error message
[FATAL] 2022-12-14 13:52:43.527 [main] Main - This is a fatal message
[DEBUG] 2022-12-14 13:53:23.564 [main] Main - This is a debug message
[INFO ] 2022-12-14 13:53:23.566 [main] Main - This is an info message
[WARN ] 2022-12-14 13:53:23.566 [main] Main - This is a warn message
[ERROR] 2022-12-14 13:53:23.566 [main] Main - This is an error message
[FATAL] 2022-12-14 13:53:23.566 [main] Main - This is a fatal message
[DEBUG] 2022-12-14 13:53:32.419 [main] Main - This is a debug message
[INFO ] 2022-12-14 13:53:32.421 [main] Main - This is an info message
[WARN ] 2022-12-14 13:53:32.421 [main] Main - This is a warn message
[ERROR] 2022-12-14 13:53:32.421 [main] Main - This is an error message
[FATAL] 2022-12-14 13:53:32.421 [main] Main - This is a fatal message
[DEBUG] 2022-12-14 13:53:39.395 [main] Main - This is a debug message
[INFO ] 2022-12-14 13:53:39.397 [main] Main - This is an info message
[WARN ] 2022-12-14 13:53:39.397 [main] Main - This is a warn message
[ERROR] 2022-12-14 13:53:39.397 [main] Main - This is an error message
[FATAL] 2022-12-14 13:53:39.397 [main] Main - This is a fatal message
[DEBUG] 2022-12-14 13:54:54.937 [main] Main - This is a debug message
[INFO ] 2022-12-14 13:54:54.939 [main] Main - This is an info message
[WARN ] 2022-12-14 13:54:54.939 [main] Main - This is a warn message
[ERROR] 2022-12-14 13:54:54.939 [main] Main - This is an error message
[FATAL] 2022-12-14 13:54:54.939 [main] Main - This is a fatal message
[DEBUG] 2022-12-14 14:01:05.044 [main] Main - This is a debug message
[INFO ] 2022-12-14 14:01:05.046 [main] Main - This is an info message
[WARN ] 2022-12-14 14:01:05.046 [main] Main - This is a warn message
[ERROR] 2022-12-14 14:01:05.046 [main] Main - This is an error message
[FATAL] 2022-12-14 14:01:05.046 [main] Main - This is a fatal message
[DEBUG] 2022-12-14 14:01:08.837 [main] Main - This is a debug message
[INFO ] 2022-12-14 14:01:08.840 [main] Main - This is an info message
[WARN ] 2022-12-14 14:01:08.840 [main] Main - This is a warn message
[ERROR] 2022-12-14 14:01:08.840 [main] Main - This is an error message
[FATAL] 2022-12-14 14:01:08.840 [main] Main - This is a fatal message
[DEBUG] 2022-12-14 14:03:41.396 [main] Main - This is a debug message
[INFO ] 2022-12-14 14:03:41.398 [main] Main - This is an info message
[WARN ] 2022-12-14 14:03:41.399 [main] Main - This is a warn message
[ERROR] 2022-12-14 14:03:41.399 [main] Main - This is an error message
[FATAL] 2022-12-14 14:03:41.399 [main] Main - This is a fatal message
[DEBUG] 2022-12-14 14:04:49.143 [main] Main - This is a debug message
[INFO ] 2022-12-14 14:04:49.145 [main] Main - This is an info message
[WARN ] 2022-12-14 14:04:49.145 [main] Main - This is a warn message
[ERROR] 2022-12-14 14:04:49.156 [main] Main - This is an error message
[FATAL] 2022-12-14 14:04:49.157 [main] Main - This is a fatal message
[DEBUG] 2022-12-14 14:06:57.838 [main] Main - This is a debug message
[INFO ] 2022-12-14 14:06:57.840 [main] Main - This is an info message
[WARN ] 2022-12-14 14:06:57.840 [main] Main - This is a warn message
[ERROR] 2022-12-14 14:06:57.840 [main] Main - This is an error message
[FATAL] 2022-12-14 14:06:57.840 [main] Main - This is a fatal message
[DEBUG] 2022-12-14 14:09:07.818 [main] Main - This is a debug message
[INFO ] 2022-12-14 14:09:07.821 [main] Main - This is an info message
[WARN ] 2022-12-14 14:09:07.821 [main] Main - This is a warn message
[ERROR] 2022-12-14 14:09:07.821 [main] Main - This is an error message
[FATAL] 2022-12-14 14:09:07.822 [main] Main - This is a fatal message
[WARN ] 2022-12-14 14:21:45.082 [main] Main - This is a warn message
[ERROR] 2022-12-14 14:21:45.084 [main] Main - This is an error message
[FATAL] 2022-12-14 14:21:45.085 [main] Main - This is a fatal message
[WARN ] 2022-12-15 07:45:02.966 [main] Main - This is a warn message
[ERROR] 2022-12-15 07:45:02.980 [main] Main - This is an error message
[FATAL] 2022-12-15 07:45:02.980 [main] Main - This is a fatal message
[WARN ] 2022-12-15 07:45:02.981 [main] Main - This is a warn message
[ERROR] 2022-12-15 07:45:02.981 [main] Main - This is an error message
[FATAL] 2022-12-15 07:45:02.981 [main] Main - This is a fatal message
[DEBUG] 2022-12-15 07:45:22.617 [main] Main - This is a debug message
[INFO ] 2022-12-15 07:45:22.619 [main] Main - This is an info message
[WARN ] 2022-12-15 07:45:22.619 [main] Main - This is a warn message
[ERROR] 2022-12-15 07:45:22.619 [main] Main - This is an error message
[FATAL] 2022-12-15 07:45:22.619 [main] Main - This is a fatal message
[DEBUG] 2022-12-15 07:45:22.619 [main] Main - This is a debug message
[INFO ] 2022-12-15 07:45:22.619 [main] Main - This is an info message
[WARN ] 2022-12-15 07:45:22.619 [main] Main - This is a warn message
[ERROR] 2022-12-15 07:45:22.619 [main] Main - This is an error message
[FATAL] 2022-12-15 07:45:22.619 [main] Main - This is a fatal message
